# JRE version: OpenJDK Runtime Environment Temurin-21.0.12.1+1 (21.0.12.1+1) (build 21.0.12.1+1-LTS)
# Java VM: OpenJDK 64-Bit Server VM Temurin-21.0.12.1+1 (21.0.12.1+1-LTS, mixed mode, sharing, tiered, compressed oops, compressed class ptrs, parallel gc, windows-amd64)
GC Precious Log:
 CardTable entry size: 512
 CPUs: 4 total, 4 available
 Memory: 7886M
 Large Page Support: Disabled
 NUMA Support: Disabled
 Compressed Oops: Enabled (Zero based)
 Alignments: Space 512K, Generation 512K, Heap 2M
 Heap Min Capacity: 100M
 Heap Initial Capacity: 100M
 Heap Max Capacity: 4G
 Pre-touch: Disabled
 Parallel Workers: 4
Heap:
 PSYoungGen      total 19456K, used 160K [0x00000007aab00000, 0x00000007ac000000, 0x0000000800000000)
  eden space 18944K, 0% used [0x00000007aab00000,0x00000007aab00000,0x00000007abd80000)
  from space 512K, 31% used [0x00000007abf80000,0x00000007abfa8000,0x00000007ac000000)
  to   space 512K, 0% used [0x00000007abf00000,0x00000007abf00000,0x00000007abf80000)
 ParOldGen       total 68608K, used 61409K [0x0000000700000000, 0x0000000704300000, 0x00000007aab00000)
  object space 68608K, 89% used [0x0000000700000000,0x0000000703bf8530,0x0000000704300000)
 Metaspace       used 58727K, committed 60096K, reserved 1114112K
  class space    used 7094K, committed 7744K, reserved 1048576K
GC Heap History (20 events):
Event: 14.380 GC heap before
{Heap before GC invocations=30 (full 2):
 PSYoungGen      total 20992K, used 19360K [0x00000007aab00000, 0x00000007ac300000, 0x0000000800000000)
  eden space 18944K, 100% used [0x00000007aab00000,0x00000007abd80000,0x00000007abd80000)
  from space 2048K, 20% used [0x00000007abf00000,0x00000007abf68000,0x00000007ac100000)
  to   space 1024K, 0% used [0x00000007ac200000,0x00000007ac200000,0x00000007ac300000)
 ParOldGen       total 68608K, used 54524K [0x0000000700000000, 0x0000000704300000, 0x00000007aab00000)
  object space 68608K, 79% used [0x0000000700000000,0x000000070353f290,0x0000000704300000)
 Metaspace       used 51843K, committed 53184K, reserved 1114112K
  class space    used 5918K, committed 6528K, reserved 1048576K
}
Event: 14.385 GC heap after
{Heap after GC invocations=30 (full 2):
 PSYoungGen      total 19968K, used 998K [0x00000007aab00000, 0x00000007ac680000, 0x0000000800000000)
  eden space 18944K, 0% used [0x00000007aab00000,0x00000007aab00000,0x00000007abd80000)
  from space 1024K, 97% used [0x00000007ac200000,0x00000007ac2f99d0,0x00000007ac300000)
  to   space 4608K, 0% used [0x00000007abd80000,0x00000007abd80000,0x00000007ac200000)
 ParOldGen       total 68608K, used 57262K [0x0000000700000000, 0x0000000704300000, 0x00000007aab00000)
  object space 68608K, 83% used [0x0000000700000000,0x00000007037eb918,0x0000000704300000)
 Metaspace       used 51843K, committed 53184K, reserved 1114112K
  class space    used 5918K, committed 6528K, reserved 1048576K
}
Event: 14.524 GC heap before
{Heap before GC invocations=31 (full 2):
 PSYoungGen      total 19968K, used 19942K [0x00000007aab00000, 0x00000007ac680000, 0x0000000800000000)
  eden space 18944K, 100% used [0x00000007aab00000,0x00000007abd80000,0x00000007abd80000)
  from space 1024K, 97% used [0x00000007ac200000,0x00000007ac2f99d0,0x00000007ac300000)
  to   space 4608K, 0% used [0x00000007abd80000,0x00000007abd80000,0x00000007ac200000)
 ParOldGen       total 68608K, used 57262K [0x0000000700000000, 0x0000000704300000, 0x00000007aab00000)
  object space 68608K, 83% used [0x0000000700000000,0x00000007037eb918,0x0000000704300000)
 Metaspace       used 52037K, committed 53440K, reserved 1114112K
  class space    used 5963K, committed 6592K, reserved 1048576K
}
Event: 14.525 GC heap after
{Heap after GC invocations=31 (full 2):
 PSYoungGen      total 19968K, used 763K [0x00000007aab00000, 0x00000007ac280000, 0x0000000800000000)
  eden space 18944K, 0% used [0x00000007aab00000,0x00000007aab00000,0x00000007abd80000)
  from space 1024K, 74% used [0x00000007abd80000,0x00000007abe3eed0,0x00000007abe80000)
  to   space 2048K, 0% used [0x00000007ac080000,0x00000007ac080000,0x00000007ac280000)
 ParOldGen       total 68608K, used 58226K [0x0000000700000000, 0x0000000704300000, 0x00000007aab00000)
  object space 68608K, 84% used [0x0000000700000000,0x00000007038dca98,0x0000000704300000)
 Metaspace       used 52037K, committed 53440K, reserved 1114112K
  class space    used 5963K, committed 6592K, reserved 1048576K
}
Event: 14.795 GC heap before
{Heap before GC invocations=32 (full 2):
 PSYoungGen      total 19968K, used 19707K [0x00000007aab00000, 0x00000007ac280000, 0x0000000800000000)
  eden space 18944K, 100% used [0x00000007aab00000,0x00000007abd80000,0x00000007abd80000)
  from space 1024K, 74% used [0x00000007abd80000,0x00000007abe3eed0,0x00000007abe80000)
  to   space 2048K, 0% used [0x00000007ac080000,0x00000007ac080000,0x00000007ac280000)
 ParOldGen       total 68608K, used 58226K [0x0000000700000000, 0x0000000704300000, 0x00000007aab00000)
  object space 68608K, 84% used [0x0000000700000000,0x00000007038dca98,0x0000000704300000)
 Metaspace       used 52974K, committed 54400K, reserved 1114112K
  class space    used 6144K, committed 6784K, reserved 1048576K
}
Event: 14.798 GC heap after
{Heap after GC invocations=32 (full 2):
 PSYoungGen      total 19968K, used 737K [0x00000007aab00000, 0x00000007ac180000, 0x0000000800000000)
  eden space 18944K, 0% used [0x00000007aab00000,0x00000007aab00000,0x00000007abd80000)
  from space 1024K, 72% used [0x00000007ac080000,0x00000007ac138630,0x00000007ac180000)
  to   space 1024K, 0% used [0x00000007abd80000,0x00000007abd80000,0x00000007abe80000)
 ParOldGen       total 68608K, used 58925K [0x0000000700000000, 0x0000000704300000, 0x00000007aab00000)
  object space 68608K, 85% used [0x0000000700000000,0x000000070398b7b0,0x0000000704300000)
 Metaspace       used 52974K, committed 54400K, reserved 1114112K
  class space    used 6144K, committed 6784K, reserved 1048576K
}
Event: 15.009 GC heap before
{Heap before GC invocations=33 (full 2):
 PSYoungGen      total 19968K, used 19681K [0x00000007aab00000, 0x00000007ac180000, 0x0000000800000000)
  eden space 18944K, 100% used [0x00000007aab00000,0x00000007abd80000,0x00000007abd80000)
  from space 1024K, 72% used [0x00000007ac080000,0x00000007ac138630,0x00000007ac180000)
  to   space 1024K, 0% used [0x00000007abd80000,0x00000007abd80000,0x00000007abe80000)
 ParOldGen       total 68608K, used 58925K [0x0000000700000000, 0x0000000704300000, 0x00000007aab00000)
  object space 68608K, 85% used [0x0000000700000000,0x000000070398b7b0,0x0000000704300000)
 Metaspace       used 54565K, committed 55936K, reserved 1114112K
  class space    used 6396K, committed 7040K, reserved 1048576K
}
Event: 15.011 GC heap after
{Heap after GC invocations=33 (full 2):
 PSYoungGen      total 19968K, used 352K [0x00000007aab00000, 0x00000007ac100000, 0x0000000800000000)
  eden space 18944K, 0% used [0x00000007aab00000,0x00000007aab00000,0x00000007abd80000)
  from space 1024K, 34% used [0x00000007abd80000,0x00000007abdd8000,0x00000007abe80000)
  to   space 1024K, 0% used [0x00000007ac000000,0x00000007ac000000,0x00000007ac100000)
 ParOldGen       total 68608K, used 59565K [0x0000000700000000, 0x0000000704300000, 0x00000007aab00000)
  object space 68608K, 86% used [0x0000000700000000,0x0000000703a2b7d0,0x0000000704300000)
 Metaspace       used 54565K, committed 55936K, reserved 1114112K
  class space    used 6396K, committed 7040K, reserved 1048576K
}
Event: 15.304 GC heap before
{Heap before GC invocations=34 (full 2):
 PSYoungGen      total 19968K, used 19296K [0x00000007aab00000, 0x00000007ac100000, 0x0000000800000000)
  eden space 18944K, 100% used [0x00000007aab00000,0x00000007abd80000,0x00000007abd80000)
  from space 1024K, 34% used [0x00000007abd80000,0x00000007abdd8000,0x00000007abe80000)
  to   space 1024K, 0% used [0x00000007ac000000,0x00000007ac000000,0x00000007ac100000)
 ParOldGen       total 68608K, used 59565K [0x0000000700000000, 0x0000000704300000, 0x00000007aab00000)
  object space 68608K, 86% used [0x0000000700000000,0x0000000703a2b7d0,0x0000000704300000)
 Metaspace       used 55794K, committed 57152K, reserved 1114112K
  class space    used 6611K, committed 7232K, reserved 1048576K
}
Event: 15.307 GC heap after
{Heap after GC invocations=34 (full 2):
 PSYoungGen      total 19456K, used 400K [0x00000007aab00000, 0x00000007ac080000, 0x0000000800000000)
  eden space 18944K, 0% used [0x00000007aab00000,0x00000007aab00000,0x00000007abd80000)
  from space 512K, 78% used [0x00000007ac000000,0x00000007ac064010,0x00000007ac080000)
  to   space 512K, 0% used [0x00000007abf80000,0x00000007abf80000,0x00000007ac000000)
 ParOldGen       total 68608K, used 59853K [0x0000000700000000, 0x0000000704300000, 0x00000007aab00000)
  object space 68608K, 87% used [0x0000000700000000,0x0000000703a737d0,0x0000000704300000)
 Metaspace       used 55794K, committed 57152K, reserved 1114112K
  class space    used 6611K, committed 7232K, reserved 1048576K
}
Event: 15.646 GC heap before
{Heap before GC invocations=35 (full 2):
 PSYoungGen      total 19456K, used 19344K [0x00000007aab00000, 0x00000007ac080000, 0x0000000800000000)
  eden space 18944K, 100% used [0x00000007aab00000,0x00000007abd80000,0x00000007abd80000)
  from space 512K, 78% used [0x00000007ac000000,0x00000007ac064010,0x00000007ac080000)
  to   space 512K, 0% used [0x00000007abf80000,0x00000007abf80000,0x00000007ac000000)
 ParOldGen       total 68608K, used 59853K [0x0000000700000000, 0x0000000704300000, 0x00000007aab00000)
  object space 68608K, 87% used [0x0000000700000000,0x0000000703a737d0,0x0000000704300000)
 Metaspace       used 55794K, committed 57152K, reserved 1114112K
  class space    used 6611K, committed 7232K, reserved 1048576K
}
Event: 15.648 GC heap after
{Heap after GC invocations=35 (full 2):
 PSYoungGen      total 19456K, used 32K [0x00000007aab00000, 0x00000007ac080000, 0x0000000800000000)
  eden space 18944K, 0% used [0x00000007aab00000,0x00000007aab00000,0x00000007abd80000)
  from space 512K, 6% used [0x00000007abf80000,0x00000007abf88000,0x00000007ac000000)
  to   space 512K, 0% used [0x00000007ac000000,0x00000007ac000000,0x00000007ac080000)
 ParOldGen       total 68608K, used 60181K [0x0000000700000000, 0x0000000704300000, 0x00000007aab00000)
  object space 68608K, 87% used [0x0000000700000000,0x0000000703ac54e0,0x0000000704300000)
 Metaspace       used 55794K, committed 57152K, reserved 1114112K
  class space    used 6611K, committed 7232K, reserved 1048576K
}
Event: 15.970 GC heap before
{Heap before GC invocations=36 (full 2):
 PSYoungGen      total 19456K, used 18976K [0x00000007aab00000, 0x00000007ac080000, 0x0000000800000000)
  eden space 18944K, 100% used [0x00000007aab00000,0x00000007abd80000,0x00000007abd80000)
  from space 512K, 6% used [0x00000007abf80000,0x00000007abf88000,0x00000007ac000000)
  to   space 512K, 0% used [0x00000007ac000000,0x00000007ac000000,0x00000007ac080000)
 ParOldGen       total 68608K, used 60181K [0x0000000700000000, 0x0000000704300000, 0x00000007aab00000)
  object space 68608K, 87% used [0x0000000700000000,0x0000000703ac54e0,0x0000000704300000)
 Metaspace       used 55802K, committed 57152K, reserved 1114112K
  class space    used 6612K, committed 7232K, reserved 1048576K
}
Event: 15.971 GC heap after
{Heap after GC invocations=36 (full 2):
 PSYoungGen      total 19456K, used 128K [0x00000007aab00000, 0x00000007ac080000, 0x0000000800000000)
  eden space 18944K, 0% used [0x00000007aab00000,0x00000007aab00000,0x00000007abd80000)
  from space 512K, 25% used [0x00000007ac000000,0x00000007ac020000,0x00000007ac080000)
  to   space 512K, 0% used [0x00000007abf80000,0x00000007abf80000,0x00000007ac000000)
 ParOldGen       total 68608K, used 60197K [0x0000000700000000, 0x0000000704300000, 0x00000007aab00000)
  object space 68608K, 87% used [0x0000000700000000,0x0000000703ac94e0,0x0000000704300000)
 Metaspace       used 55802K, committed 57152K, reserved 1114112K
  class space    used 6612K, committed 7232K, reserved 1048576K
}
Event: 16.428 GC heap before
{Heap before GC invocations=37 (full 2):
 PSYoungGen      total 19456K, used 19072K [0x00000007aab00000, 0x00000007ac080000, 0x0000000800000000)
  eden space 18944K, 100% used [0x00000007aab00000,0x00000007abd80000,0x00000007abd80000)
  from space 512K, 25% used [0x00000007ac000000,0x00000007ac020000,0x00000007ac080000)
  to   space 512K, 0% used [0x00000007abf80000,0x00000007abf80000,0x00000007ac000000)
 ParOldGen       total 68608K, used 60197K [0x0000000700000000, 0x0000000704300000, 0x00000007aab00000)
  object space 68608K, 87% used [0x0000000700000000,0x0000000703ac94e0,0x0000000704300000)
 Metaspace       used 56425K, committed 57856K, reserved 1114112K
  class space    used 6685K, committed 7296K, reserved 1048576K
}
Event: 16.429 GC heap after
{Heap after GC invocations=37 (full 2):
 PSYoungGen      total 19456K, used 455K [0x00000007aab00000, 0x00000007ac080000, 0x0000000800000000)
  eden space 18944K, 0% used [0x00000007aab00000,0x00000007aab00000,0x00000007abd80000)
  from space 512K, 88% used [0x00000007abf80000,0x00000007abff1da8,0x00000007ac000000)
  to   space 512K, 0% used [0x00000007ac000000,0x00000007ac000000,0x00000007ac080000)
 ParOldGen       total 68608K, used 60229K [0x0000000700000000, 0x0000000704300000, 0x00000007aab00000)
  object space 68608K, 87% used [0x0000000700000000,0x0000000703ad14e0,0x0000000704300000)
 Metaspace       used 56425K, committed 57856K, reserved 1114112K
  class space    used 6685K, committed 7296K, reserved 1048576K
}
Event: 16.709 GC heap before
{Heap before GC invocations=38 (full 2):
 PSYoungGen      total 19456K, used 19399K [0x00000007aab00000, 0x00000007ac080000, 0x0000000800000000)
  eden space 18944K, 100% used [0x00000007aab00000,0x00000007abd80000,0x00000007abd80000)
  from space 512K, 88% used [0x00000007abf80000,0x00000007abff1da8,0x00000007ac000000)
  to   space 512K, 0% used [0x00000007ac000000,0x00000007ac000000,0x00000007ac080000)
 ParOldGen       total 68608K, used 60229K [0x0000000700000000, 0x0000000704300000, 0x00000007aab00000)
  object space 68608K, 87% used [0x0000000700000000,0x0000000703ad14e0,0x0000000704300000)
 Metaspace       used 57590K, committed 58944K, reserved 1114112K
  class space    used 6884K, committed 7488K, reserved 1048576K
}
Event: 16.710 GC heap after
{Heap after GC invocations=38 (full 2):
 PSYoungGen      total 19456K, used 491K [0x00000007aab00000, 0x00000007ac080000, 0x0000000800000000)
  eden space 18944K, 0% used [0x00000007aab00000,0x00000007aab00000,0x00000007abd80000)
  from space 512K, 95% used [0x00000007ac000000,0x00000007ac07ac68,0x00000007ac080000)
  to   space 1536K, 0% used [0x00000007abd80000,0x00000007abd80000,0x00000007abf00000)
 ParOldGen       total 68608K, used 60691K [0x0000000700000000, 0x0000000704300000, 0x00000007aab00000)
  object space 68608K, 88% used [0x0000000700000000,0x0000000703b44e80,0x0000000704300000)
 Metaspace       used 57590K, committed 58944K, reserved 1114112K
  class space    used 6884K, committed 7488K, reserved 1048576K
}
Event: 16.850 GC heap before
{Heap before GC invocations=39 (full 2):
 PSYoungGen      total 19456K, used 12403K [0x00000007aab00000, 0x00000007ac080000, 0x0000000800000000)
  eden space 18944K, 62% used [0x00000007aab00000,0x00000007ab6a2150,0x00000007abd80000)
  from space 512K, 95% used [0x00000007ac000000,0x00000007ac07ac68,0x00000007ac080000)
  to   space 1536K, 0% used [0x00000007abd80000,0x00000007abd80000,0x00000007abf00000)
 ParOldGen       total 68608K, used 60691K [0x0000000700000000, 0x0000000704300000, 0x00000007aab00000)
  object space 68608K, 88% used [0x0000000700000000,0x0000000703b44e80,0x0000000704300000)
 Metaspace       used 58409K, committed 59840K, reserved 1114112K
  class space    used 7033K, committed 7680K, reserved 1048576K
}
Event: 16.851 GC heap after
{Heap after GC invocations=39 (full 2):
 PSYoungGen      total 20480K, used 441K [0x00000007aab00000, 0x00000007ac080000, 0x0000000800000000)
  eden space 18944K, 0% used [0x00000007aab00000,0x00000007aab00000,0x00000007abd80000)
  from space 1536K, 28% used [0x00000007abd80000,0x00000007abdee6e8,0x00000007abf00000)
  to   space 1024K, 0% used [0x00000007abf80000,0x00000007abf80000,0x00000007ac080000)
 ParOldGen       total 68608K, used 61128K [0x0000000700000000, 0x0000000704300000, 0x00000007aab00000)
  object space 68608K, 89% used [0x0000000700000000,0x0000000703bb22a8,0x0000000704300000)
 Metaspace       used 58409K, committed 59840K, reserved 1114112K
  class space    used 7033K, committed 7680K, reserved 1048576K
}

