# JRE version: OpenJDK Runtime Environment Temurin-21.0.12.1+1 (21.0.12.1+1) (build 21.0.12.1+1-LTS)
# Java VM: OpenJDK 64-Bit Server VM Temurin-21.0.12.1+1 (21.0.12.1+1-LTS, mixed mode, sharing, tiered, compressed oops, compressed class ptrs, parallel gc, windows-amd64)
GC Precious Log:
 CardTable entry size: 512
 CPUs: 4 total, 4 available
 Memory: 7886M
 Large Page Support: Disabled
 NUMA Support: Disabled
 Compressed Oops: Enabled (Zero based)
 Alignments: Space 512K, Generation 512K, Heap 2M
 Heap Min Capacity: 100M
 Heap Initial Capacity: 100M
 Heap Max Capacity: 4G
 Pre-touch: Disabled
 Parallel Workers: 4
Heap:
 PSYoungGen      total 7680K, used 7649K [0x00000007aab00000, 0x00000007ab400000, 0x0000000800000000)
  eden space 7168K, 100% used [0x00000007aab00000,0x00000007ab200000,0x00000007ab200000)
  from space 512K, 94% used [0x00000007ab380000,0x00000007ab3f86e0,0x00000007ab400000)
  to   space 1024K, 35% used [0x00000007ab200000,0x00000007ab25c268,0x00000007ab300000)
 ParOldGen       total 214016K, used 213511K [0x0000000700000000, 0x000000070d100000, 0x00000007aab00000)
  object space 214016K, 99% used [0x0000000700000000,0x000000070d081f10,0x000000070d100000)
 Metaspace       used 91517K, committed 93184K, reserved 1179648K
  class space    used 10562K, committed 11328K, reserved 1048576K
GC Heap History (20 events):
Event: 101.614 GC heap before
{Heap before GC invocations=716 (full 4):
 PSYoungGen      total 6656K, used 6336K [0x00000007aab00000, 0x00000007ab280000, 0x0000000800000000)
  eden space 6144K, 100% used [0x00000007aab00000,0x00000007ab100000,0x00000007ab100000)
  from space 512K, 37% used [0x00000007ab180000,0x00000007ab1b0000,0x00000007ab200000)
  to   space 512K, 0% used [0x00000007ab200000,0x00000007ab200000,0x00000007ab280000)
 ParOldGen       total 210432K, used 210419K [0x0000000700000000, 0x000000070cd80000, 0x00000007aab00000)
  object space 210432K, 99% used [0x0000000700000000,0x000000070cd7cde8,0x000000070cd80000)
 Metaspace       used 91317K, committed 92992K, reserved 1179648K
  class space    used 10548K, committed 11328K, reserved 1048576K
}
Event: 101.616 GC heap after
{Heap after GC invocations=716 (full 4):
 PSYoungGen      total 6656K, used 192K [0x00000007aab00000, 0x00000007ab280000, 0x0000000800000000)
  eden space 6144K, 0% used [0x00000007aab00000,0x00000007aab00000,0x00000007ab100000)
  from space 512K, 37% used [0x00000007ab200000,0x00000007ab230000,0x00000007ab280000)
  to   space 512K, 0% used [0x00000007ab180000,0x00000007ab180000,0x00000007ab200000)
 ParOldGen       total 210944K, used 210547K [0x0000000700000000, 0x000000070ce00000, 0x00000007aab00000)
  object space 210944K, 99% used [0x0000000700000000,0x000000070cd9cde8,0x000000070ce00000)
 Metaspace       used 91317K, committed 92992K, reserved 1179648K
  class space    used 10548K, committed 11328K, reserved 1048576K
}
Event: 101.631 GC heap before
{Heap before GC invocations=717 (full 4):
 PSYoungGen      total 6656K, used 6336K [0x00000007aab00000, 0x00000007ab280000, 0x0000000800000000)
  eden space 6144K, 100% used [0x00000007aab00000,0x00000007ab100000,0x00000007ab100000)
  from space 512K, 37% used [0x00000007ab200000,0x00000007ab230000,0x00000007ab280000)
  to   space 512K, 0% used [0x00000007ab180000,0x00000007ab180000,0x00000007ab200000)
 ParOldGen       total 210944K, used 210547K [0x0000000700000000, 0x000000070ce00000, 0x00000007aab00000)
  object space 210944K, 99% used [0x0000000700000000,0x000000070cd9cde8,0x000000070ce00000)
 Metaspace       used 91324K, committed 92992K, reserved 1179648K
  class space    used 10550K, committed 11328K, reserved 1048576K
}
Event: 101.633 GC heap after
{Heap after GC invocations=717 (full 4):
 PSYoungGen      total 6656K, used 471K [0x00000007aab00000, 0x00000007ab300000, 0x0000000800000000)
  eden space 6144K, 0% used [0x00000007aab00000,0x00000007aab00000,0x00000007ab100000)
  from space 512K, 92% used [0x00000007ab180000,0x00000007ab1f5fe0,0x00000007ab200000)
  to   space 1024K, 0% used [0x00000007ab200000,0x00000007ab200000,0x00000007ab300000)
 ParOldGen       total 210944K, used 210675K [0x0000000700000000, 0x000000070ce00000, 0x00000007aab00000)
  object space 210944K, 99% used [0x0000000700000000,0x000000070cdbcde8,0x000000070ce00000)
 Metaspace       used 91324K, committed 92992K, reserved 1179648K
  class space    used 10550K, committed 11328K, reserved 1048576K
}
Event: 101.646 GC heap before
{Heap before GC invocations=718 (full 4):
 PSYoungGen      total 6656K, used 6615K [0x00000007aab00000, 0x00000007ab300000, 0x0000000800000000)
  eden space 6144K, 100% used [0x00000007aab00000,0x00000007ab100000,0x00000007ab100000)
  from space 512K, 92% used [0x00000007ab180000,0x00000007ab1f5fe0,0x00000007ab200000)
  to   space 1024K, 0% used [0x00000007ab200000,0x00000007ab200000,0x00000007ab300000)
 ParOldGen       total 210944K, used 210675K [0x0000000700000000, 0x000000070ce00000, 0x00000007aab00000)
  object space 210944K, 99% used [0x0000000700000000,0x000000070cdbcde8,0x000000070ce00000)
 Metaspace       used 91324K, committed 92992K, reserved 1179648K
  class space    used 10550K, committed 11328K, reserved 1048576K
}
Event: 101.669 GC heap after
{Heap after GC invocations=718 (full 4):
 PSYoungGen      total 7680K, used 128K [0x00000007aab00000, 0x00000007ab380000, 0x0000000800000000)
  eden space 6656K, 0% used [0x00000007aab00000,0x00000007aab00000,0x00000007ab180000)
  from space 1024K, 12% used [0x00000007ab200000,0x00000007ab220000,0x00000007ab300000)
  to   space 512K, 0% used [0x00000007ab180000,0x00000007ab180000,0x00000007ab200000)
 ParOldGen       total 211456K, used 211067K [0x0000000700000000, 0x000000070ce80000, 0x00000007aab00000)
  object space 211456K, 99% used [0x0000000700000000,0x000000070ce1ef90,0x000000070ce80000)
 Metaspace       used 91324K, committed 92992K, reserved 1179648K
  class space    used 10550K, committed 11328K, reserved 1048576K
}
Event: 101.677 GC heap before
{Heap before GC invocations=719 (full 4):
 PSYoungGen      total 7680K, used 6510K [0x00000007aab00000, 0x00000007ab380000, 0x0000000800000000)
  eden space 6656K, 95% used [0x00000007aab00000,0x00000007ab13b8f8,0x00000007ab180000)
  from space 1024K, 12% used [0x00000007ab200000,0x00000007ab220000,0x00000007ab300000)
  to   space 512K, 0% used [0x00000007ab180000,0x00000007ab180000,0x00000007ab200000)
 ParOldGen       total 211456K, used 211067K [0x0000000700000000, 0x000000070ce80000, 0x00000007aab00000)
  object space 211456K, 99% used [0x0000000700000000,0x000000070ce1ef90,0x000000070ce80000)
 Metaspace       used 91325K, committed 92992K, reserved 1179648K
  class space    used 10550K, committed 11328K, reserved 1048576K
}
Event: 101.678 GC heap after
{Heap after GC invocations=719 (full 4):
 PSYoungGen      total 7168K, used 509K [0x00000007aab00000, 0x00000007ab380000, 0x0000000800000000)
  eden space 6656K, 0% used [0x00000007aab00000,0x00000007aab00000,0x00000007ab180000)
  from space 512K, 99% used [0x00000007ab180000,0x00000007ab1ff770,0x00000007ab200000)
  to   space 1024K, 0% used [0x00000007ab280000,0x00000007ab280000,0x00000007ab380000)
 ParOldGen       total 211456K, used 211171K [0x0000000700000000, 0x000000070ce80000, 0x00000007aab00000)
  object space 211456K, 99% used [0x0000000700000000,0x000000070ce38f90,0x000000070ce80000)
 Metaspace       used 91325K, committed 92992K, reserved 1179648K
  class space    used 10550K, committed 11328K, reserved 1048576K
}
Event: 101.693 GC heap before
{Heap before GC invocations=720 (full 4):
 PSYoungGen      total 7168K, used 7165K [0x00000007aab00000, 0x00000007ab380000, 0x0000000800000000)
  eden space 6656K, 100% used [0x00000007aab00000,0x00000007ab180000,0x00000007ab180000)
  from space 512K, 99% used [0x00000007ab180000,0x00000007ab1ff770,0x00000007ab200000)
  to   space 1024K, 0% used [0x00000007ab280000,0x00000007ab280000,0x00000007ab380000)
 ParOldGen       total 211456K, used 211171K [0x0000000700000000, 0x000000070ce80000, 0x00000007aab00000)
  object space 211456K, 99% used [0x0000000700000000,0x000000070ce38f90,0x000000070ce80000)
 Metaspace       used 91327K, committed 92992K, reserved 1179648K
  class space    used 10550K, committed 11328K, reserved 1048576K
}
Event: 101.713 GC heap after
{Heap after GC invocations=720 (full 4):
 PSYoungGen      total 7680K, used 869K [0x00000007aab00000, 0x00000007ab500000, 0x0000000800000000)
  eden space 6656K, 0% used [0x00000007aab00000,0x00000007aab00000,0x00000007ab180000)
  from space 1024K, 84% used [0x00000007ab280000,0x00000007ab3596d0,0x00000007ab380000)
  to   space 1024K, 0% used [0x00000007ab180000,0x00000007ab180000,0x00000007ab280000)
 ParOldGen       total 211968K, used 211649K [0x0000000700000000, 0x000000070cf00000, 0x00000007aab00000)
  object space 211968K, 99% used [0x0000000700000000,0x000000070ceb0700,0x000000070cf00000)
 Metaspace       used 91327K, committed 92992K, reserved 1179648K
  class space    used 10550K, committed 11328K, reserved 1048576K
}
Event: 101.730 GC heap before
{Heap before GC invocations=721 (full 4):
 PSYoungGen      total 7680K, used 7525K [0x00000007aab00000, 0x00000007ab500000, 0x0000000800000000)
  eden space 6656K, 100% used [0x00000007aab00000,0x00000007ab180000,0x00000007ab180000)
  from space 1024K, 84% used [0x00000007ab280000,0x00000007ab3596d0,0x00000007ab380000)
  to   space 1024K, 0% used [0x00000007ab180000,0x00000007ab180000,0x00000007ab280000)
 ParOldGen       total 211968K, used 211649K [0x0000000700000000, 0x000000070cf00000, 0x00000007aab00000)
  object space 211968K, 99% used [0x0000000700000000,0x000000070ceb0700,0x000000070cf00000)
 Metaspace       used 91375K, committed 93056K, reserved 1179648K
  class space    used 10551K, committed 11328K, reserved 1048576K
}
Event: 101.731 GC heap after
{Heap after GC invocations=721 (full 4):
 PSYoungGen      total 7680K, used 192K [0x00000007aab00000, 0x00000007ab300000, 0x0000000800000000)
  eden space 6656K, 0% used [0x00000007aab00000,0x00000007aab00000,0x00000007ab180000)
  from space 1024K, 18% used [0x00000007ab180000,0x00000007ab1b0000,0x00000007ab280000)
  to   space 512K, 0% used [0x00000007ab280000,0x00000007ab280000,0x00000007ab300000)
 ParOldGen       total 212480K, used 212353K [0x0000000700000000, 0x000000070cf80000, 0x00000007aab00000)
  object space 212480K, 99% used [0x0000000700000000,0x000000070cf607f0,0x000000070cf80000)
 Metaspace       used 91375K, committed 93056K, reserved 1179648K
  class space    used 10551K, committed 11328K, reserved 1048576K
}
Event: 101.740 GC heap before
{Heap before GC invocations=722 (full 4):
 PSYoungGen      total 7680K, used 6848K [0x00000007aab00000, 0x00000007ab300000, 0x0000000800000000)
  eden space 6656K, 100% used [0x00000007aab00000,0x00000007ab180000,0x00000007ab180000)
  from space 1024K, 18% used [0x00000007ab180000,0x00000007ab1b0000,0x00000007ab280000)
  to   space 512K, 0% used [0x00000007ab280000,0x00000007ab280000,0x00000007ab300000)
 ParOldGen       total 212480K, used 212353K [0x0000000700000000, 0x000000070cf80000, 0x00000007aab00000)
  object space 212480K, 99% used [0x0000000700000000,0x000000070cf607f0,0x000000070cf80000)
 Metaspace       used 91402K, committed 93056K, reserved 1179648K
  class space    used 10553K, committed 11328K, reserved 1048576K
}
Event: 101.741 GC heap after
{Heap after GC invocations=722 (full 4):
 PSYoungGen      total 7168K, used 160K [0x00000007aab00000, 0x00000007ab300000, 0x0000000800000000)
  eden space 6656K, 0% used [0x00000007aab00000,0x00000007aab00000,0x00000007ab180000)
  from space 512K, 31% used [0x00000007ab280000,0x00000007ab2a8000,0x00000007ab300000)
  to   space 512K, 0% used [0x00000007ab200000,0x00000007ab200000,0x00000007ab280000)
 ParOldGen       total 212480K, used 212473K [0x0000000700000000, 0x000000070cf80000, 0x00000007aab00000)
  object space 212480K, 99% used [0x0000000700000000,0x000000070cf7e7f0,0x000000070cf80000)
 Metaspace       used 91402K, committed 93056K, reserved 1179648K
  class space    used 10553K, committed 11328K, reserved 1048576K
}
Event: 101.754 GC heap before
{Heap before GC invocations=723 (full 4):
 PSYoungGen      total 7168K, used 6816K [0x00000007aab00000, 0x00000007ab300000, 0x0000000800000000)
  eden space 6656K, 100% used [0x00000007aab00000,0x00000007ab180000,0x00000007ab180000)
  from space 512K, 31% used [0x00000007ab280000,0x00000007ab2a8000,0x00000007ab300000)
  to   space 512K, 0% used [0x00000007ab200000,0x00000007ab200000,0x00000007ab280000)
 ParOldGen       total 212480K, used 212473K [0x0000000700000000, 0x000000070cf80000, 0x00000007aab00000)
  object space 212480K, 99% used [0x0000000700000000,0x000000070cf7e7f0,0x000000070cf80000)
 Metaspace       used 91420K, committed 93056K, reserved 1179648K
  class space    used 10555K, committed 11328K, reserved 1048576K
}
Event: 101.775 GC heap after
{Heap after GC invocations=723 (full 4):
 PSYoungGen      total 7680K, used 300K [0x00000007aab00000, 0x00000007ab400000, 0x0000000800000000)
  eden space 7168K, 0% used [0x00000007aab00000,0x00000007aab00000,0x00000007ab200000)
  from space 512K, 58% used [0x00000007ab200000,0x00000007ab24b138,0x00000007ab280000)
  to   space 512K, 0% used [0x00000007ab380000,0x00000007ab380000,0x00000007ab400000)
 ParOldGen       total 212992K, used 212593K [0x0000000700000000, 0x000000070d000000, 0x00000007aab00000)
  object space 212992K, 99% used [0x0000000700000000,0x000000070cf9c7f0,0x000000070d000000)
 Metaspace       used 91420K, committed 93056K, reserved 1179648K
  class space    used 10555K, committed 11328K, reserved 1048576K
}
Event: 101.780 GC heap before
{Heap before GC invocations=724 (full 4):
 PSYoungGen      total 7680K, used 7468K [0x00000007aab00000, 0x00000007ab400000, 0x0000000800000000)
  eden space 7168K, 100% used [0x00000007aab00000,0x00000007ab200000,0x00000007ab200000)
  from space 512K, 58% used [0x00000007ab200000,0x00000007ab24b138,0x00000007ab280000)
  to   space 512K, 0% used [0x00000007ab380000,0x00000007ab380000,0x00000007ab400000)
 ParOldGen       total 212992K, used 212593K [0x0000000700000000, 0x000000070d000000, 0x00000007aab00000)
  object space 212992K, 99% used [0x0000000700000000,0x000000070cf9c7f0,0x000000070d000000)
 Metaspace       used 91479K, committed 93120K, reserved 1179648K
  class space    used 10557K, committed 11328K, reserved 1048576K
}
Event: 101.782 GC heap after
{Heap after GC invocations=724 (full 4):
 PSYoungGen      total 7680K, used 224K [0x00000007aab00000, 0x00000007ab400000, 0x0000000800000000)
  eden space 7168K, 0% used [0x00000007aab00000,0x00000007aab00000,0x00000007ab200000)
  from space 512K, 43% used [0x00000007ab380000,0x00000007ab3b8000,0x00000007ab400000)
  to   space 512K, 0% used [0x00000007ab200000,0x00000007ab200000,0x00000007ab280000)
 ParOldGen       total 212992K, used 212838K [0x0000000700000000, 0x000000070d000000, 0x00000007aab00000)
  object space 212992K, 99% used [0x0000000700000000,0x000000070cfd99b8,0x000000070d000000)
 Metaspace       used 91479K, committed 93120K, reserved 1179648K
  class space    used 10557K, committed 11328K, reserved 1048576K
}
Event: 101.792 GC heap before
{Heap before GC invocations=725 (full 4):
 PSYoungGen      total 7680K, used 7392K [0x00000007aab00000, 0x00000007ab400000, 0x0000000800000000)
  eden space 7168K, 100% used [0x00000007aab00000,0x00000007ab200000,0x00000007ab200000)
  from space 512K, 43% used [0x00000007ab380000,0x00000007ab3b8000,0x00000007ab400000)
  to   space 512K, 0% used [0x00000007ab200000,0x00000007ab200000,0x00000007ab280000)
 ParOldGen       total 212992K, used 212838K [0x0000000700000000, 0x000000070d000000, 0x00000007aab00000)
  object space 212992K, 99% used [0x0000000700000000,0x000000070cfd99b8,0x000000070d000000)
 Metaspace       used 91480K, committed 93120K, reserved 1179648K
  class space    used 10558K, committed 11328K, reserved 1048576K
}
Event: 101.794 GC heap after
{Heap after GC invocations=725 (full 4):
 PSYoungGen      total 7680K, used 224K [0x00000007aab00000, 0x00000007ab400000, 0x0000000800000000)
  eden space 7168K, 0% used [0x00000007aab00000,0x00000007aab00000,0x00000007ab200000)
  from space 512K, 43% used [0x00000007ab200000,0x00000007ab238000,0x00000007ab280000)
  to   space 512K, 0% used [0x00000007ab380000,0x00000007ab380000,0x00000007ab400000)
 ParOldGen       total 212992K, used 212990K [0x0000000700000000, 0x000000070d000000, 0x00000007aab00000)
  object space 212992K, 99% used [0x0000000700000000,0x000000070cfff9b8,0x000000070d000000)
 Metaspace       used 91480K, committed 93120K, reserved 1179648K
  class space    used 10558K, committed 11328K, reserved 1048576K
}

