# JRE version: OpenJDK Runtime Environment Temurin-21.0.12.1+1 (21.0.12.1+1) (build 21.0.12.1+1-LTS)
# Java VM: OpenJDK 64-Bit Server VM Temurin-21.0.12.1+1 (21.0.12.1+1-LTS, mixed mode, sharing, tiered, compressed oops, compressed class ptrs, parallel gc, windows-amd64)
GC Precious Log:
 CardTable entry size: 512
 CPUs: 4 total, 4 available
 Memory: 7886M
 Large Page Support: Disabled
 NUMA Support: Disabled
 Compressed Oops: Enabled (Zero based)
 Alignments: Space 512K, Generation 512K, Heap 2M
 Heap Min Capacity: 100M
 Heap Initial Capacity: 100M
 Heap Max Capacity: 4G
 Pre-touch: Disabled
 Parallel Workers: 4
Heap:
 PSYoungGen      total 10240K, used 5215K [0x00000007aab00000, 0x00000007ab800000, 0x0000000800000000)
  eden space 9216K, 45% used [0x00000007aab00000,0x00000007aaf17c20,0x00000007ab400000)
  from space 1024K, 100% used [0x00000007ab700000,0x00000007ab800000,0x00000007ab800000)
  to   space 1536K, 0% used [0x00000007ab500000,0x00000007ab500000,0x00000007ab680000)
 ParOldGen       total 68608K, used 63531K [0x0000000700000000, 0x0000000704300000, 0x00000007aab00000)
  object space 68608K, 92% used [0x0000000700000000,0x0000000703e0ad28,0x0000000704300000)
 Metaspace       used 67964K, committed 69504K, reserved 1114112K
  class space    used 8537K, committed 9216K, reserved 1048576K
GC Heap History (20 events):
Event: 18.392 GC heap before
{Heap before GC invocations=84 (full 3):
 PSYoungGen      total 9728K, used 9718K [0x00000007aab00000, 0x00000007ab780000, 0x0000000800000000)
  eden space 9216K, 100% used [0x00000007aab00000,0x00000007ab400000,0x00000007ab400000)
  from space 512K, 98% used [0x00000007ab700000,0x00000007ab77db50,0x00000007ab780000)
  to   space 1536K, 0% used [0x00000007ab480000,0x00000007ab480000,0x00000007ab600000)
 ParOldGen       total 68608K, used 59372K [0x0000000700000000, 0x0000000704300000, 0x00000007aab00000)
  object space 68608K, 86% used [0x0000000700000000,0x00000007039fb110,0x0000000704300000)
 Metaspace       used 62083K, committed 63488K, reserved 1114112K
  class space    used 7795K, committed 8384K, reserved 1048576K
}
Event: 18.392 GC heap after
{Heap after GC invocations=84 (full 3):
 PSYoungGen      total 10752K, used 192K [0x00000007aab00000, 0x00000007ab780000, 0x0000000800000000)
  eden space 9216K, 0% used [0x00000007aab00000,0x00000007aab00000,0x00000007ab400000)
  from space 1536K, 12% used [0x00000007ab480000,0x00000007ab4b0000,0x00000007ab600000)
  to   space 512K, 0% used [0x00000007ab700000,0x00000007ab700000,0x00000007ab780000)
 ParOldGen       total 68608K, used 59758K [0x0000000700000000, 0x0000000704300000, 0x00000007aab00000)
  object space 68608K, 87% used [0x0000000700000000,0x0000000703a5b968,0x0000000704300000)
 Metaspace       used 62083K, committed 63488K, reserved 1114112K
  class space    used 7795K, committed 8384K, reserved 1048576K
}
Event: 18.453 GC heap before
{Heap before GC invocations=85 (full 3):
 PSYoungGen      total 10752K, used 9408K [0x00000007aab00000, 0x00000007ab780000, 0x0000000800000000)
  eden space 9216K, 100% used [0x00000007aab00000,0x00000007ab400000,0x00000007ab400000)
  from space 1536K, 12% used [0x00000007ab480000,0x00000007ab4b0000,0x00000007ab600000)
  to   space 512K, 0% used [0x00000007ab700000,0x00000007ab700000,0x00000007ab780000)
 ParOldGen       total 68608K, used 59758K [0x0000000700000000, 0x0000000704300000, 0x00000007aab00000)
  object space 68608K, 87% used [0x0000000700000000,0x0000000703a5b968,0x0000000704300000)
 Metaspace       used 62083K, committed 63488K, reserved 1114112K
  class space    used 7795K, committed 8384K, reserved 1048576K
}
Event: 18.454 GC heap after
{Heap after GC invocations=85 (full 3):
 PSYoungGen      total 9728K, used 380K [0x00000007aab00000, 0x00000007ab780000, 0x0000000800000000)
  eden space 9216K, 0% used [0x00000007aab00000,0x00000007aab00000,0x00000007ab400000)
  from space 512K, 74% used [0x00000007ab700000,0x00000007ab75f3f8,0x00000007ab780000)
  to   space 512K, 0% used [0x00000007ab680000,0x00000007ab680000,0x00000007ab700000)
 ParOldGen       total 68608K, used 59798K [0x0000000700000000, 0x0000000704300000, 0x00000007aab00000)
  object space 68608K, 87% used [0x0000000700000000,0x0000000703a65978,0x0000000704300000)
 Metaspace       used 62083K, committed 63488K, reserved 1114112K
  class space    used 7795K, committed 8384K, reserved 1048576K
}
Event: 18.503 GC heap before
{Heap before GC invocations=86 (full 3):
 PSYoungGen      total 9728K, used 9596K [0x00000007aab00000, 0x00000007ab780000, 0x0000000800000000)
  eden space 9216K, 100% used [0x00000007aab00000,0x00000007ab400000,0x00000007ab400000)
  from space 512K, 74% used [0x00000007ab700000,0x00000007ab75f3f8,0x00000007ab780000)
  to   space 512K, 0% used [0x00000007ab680000,0x00000007ab680000,0x00000007ab700000)
 ParOldGen       total 68608K, used 59798K [0x0000000700000000, 0x0000000704300000, 0x00000007aab00000)
  object space 68608K, 87% used [0x0000000700000000,0x0000000703a65978,0x0000000704300000)
 Metaspace       used 62083K, committed 63488K, reserved 1114112K
  class space    used 7795K, committed 8384K, reserved 1048576K
}
Event: 18.504 GC heap after
{Heap after GC invocations=86 (full 3):
 PSYoungGen      total 9728K, used 501K [0x00000007aab00000, 0x00000007ab780000, 0x0000000800000000)
  eden space 9216K, 0% used [0x00000007aab00000,0x00000007aab00000,0x00000007ab400000)
  from space 512K, 97% used [0x00000007ab680000,0x00000007ab6fd590,0x00000007ab700000)
  to   space 512K, 0% used [0x00000007ab700000,0x00000007ab700000,0x00000007ab780000)
 ParOldGen       total 68608K, used 60180K [0x0000000700000000, 0x0000000704300000, 0x00000007aab00000)
  object space 68608K, 87% used [0x0000000700000000,0x0000000703ac5260,0x0000000704300000)
 Metaspace       used 62083K, committed 63488K, reserved 1114112K
  class space    used 7795K, committed 8384K, reserved 1048576K
}
Event: 18.551 GC heap before
{Heap before GC invocations=87 (full 3):
 PSYoungGen      total 9728K, used 9717K [0x00000007aab00000, 0x00000007ab780000, 0x0000000800000000)
  eden space 9216K, 100% used [0x00000007aab00000,0x00000007ab400000,0x00000007ab400000)
  from space 512K, 97% used [0x00000007ab680000,0x00000007ab6fd590,0x00000007ab700000)
  to   space 512K, 0% used [0x00000007ab700000,0x00000007ab700000,0x00000007ab780000)
 ParOldGen       total 68608K, used 60180K [0x0000000700000000, 0x0000000704300000, 0x00000007aab00000)
  object space 68608K, 87% used [0x0000000700000000,0x0000000703ac5260,0x0000000704300000)
 Metaspace       used 62083K, committed 63488K, reserved 1114112K
  class space    used 7795K, committed 8384K, reserved 1048576K
}
Event: 18.552 GC heap after
{Heap after GC invocations=87 (full 3):
 PSYoungGen      total 9728K, used 248K [0x00000007aab00000, 0x00000007ab780000, 0x0000000800000000)
  eden space 9216K, 0% used [0x00000007aab00000,0x00000007aab00000,0x00000007ab400000)
  from space 512K, 48% used [0x00000007ab700000,0x00000007ab73e090,0x00000007ab780000)
  to   space 512K, 0% used [0x00000007ab680000,0x00000007ab680000,0x00000007ab700000)
 ParOldGen       total 68608K, used 60661K [0x0000000700000000, 0x0000000704300000, 0x00000007aab00000)
  object space 68608K, 88% used [0x0000000700000000,0x0000000703b3d520,0x0000000704300000)
 Metaspace       used 62083K, committed 63488K, reserved 1114112K
  class space    used 7795K, committed 8384K, reserved 1048576K
}
Event: 18.636 GC heap before
{Heap before GC invocations=88 (full 3):
 PSYoungGen      total 9728K, used 9463K [0x00000007aab00000, 0x00000007ab780000, 0x0000000800000000)
  eden space 9216K, 99% used [0x00000007aab00000,0x00000007ab3ffcf0,0x00000007ab400000)
  from space 512K, 48% used [0x00000007ab700000,0x00000007ab73e090,0x00000007ab780000)
  to   space 512K, 0% used [0x00000007ab680000,0x00000007ab680000,0x00000007ab700000)
 ParOldGen       total 68608K, used 60661K [0x0000000700000000, 0x0000000704300000, 0x00000007aab00000)
  object space 68608K, 88% used [0x0000000700000000,0x0000000703b3d520,0x0000000704300000)
 Metaspace       used 62277K, committed 63744K, reserved 1114112K
  class space    used 7826K, committed 8448K, reserved 1048576K
}
Event: 18.637 GC heap after
{Heap after GC invocations=88 (full 3):
 PSYoungGen      total 9728K, used 256K [0x00000007aab00000, 0x00000007ab780000, 0x0000000800000000)
  eden space 9216K, 0% used [0x00000007aab00000,0x00000007aab00000,0x00000007ab400000)
  from space 512K, 50% used [0x00000007ab680000,0x00000007ab6c0000,0x00000007ab700000)
  to   space 512K, 0% used [0x00000007ab700000,0x00000007ab700000,0x00000007ab780000)
 ParOldGen       total 68608K, used 60685K [0x0000000700000000, 0x0000000704300000, 0x00000007aab00000)
  object space 68608K, 88% used [0x0000000700000000,0x0000000703b43520,0x0000000704300000)
 Metaspace       used 62277K, committed 63744K, reserved 1114112K
  class space    used 7826K, committed 8448K, reserved 1048576K
}
Event: 18.762 GC heap before
{Heap before GC invocations=89 (full 3):
 PSYoungGen      total 9728K, used 9472K [0x00000007aab00000, 0x00000007ab780000, 0x0000000800000000)
  eden space 9216K, 100% used [0x00000007aab00000,0x00000007ab400000,0x00000007ab400000)
  from space 512K, 50% used [0x00000007ab680000,0x00000007ab6c0000,0x00000007ab700000)
  to   space 512K, 0% used [0x00000007ab700000,0x00000007ab700000,0x00000007ab780000)
 ParOldGen       total 68608K, used 60685K [0x0000000700000000, 0x0000000704300000, 0x00000007aab00000)
  object space 68608K, 88% used [0x0000000700000000,0x0000000703b43520,0x0000000704300000)
 Metaspace       used 63611K, committed 65088K, reserved 1114112K
  class space    used 8001K, committed 8640K, reserved 1048576K
}
Event: 18.763 GC heap after
{Heap after GC invocations=89 (full 3):
 PSYoungGen      total 9728K, used 288K [0x00000007aab00000, 0x00000007ab780000, 0x0000000800000000)
  eden space 9216K, 0% used [0x00000007aab00000,0x00000007aab00000,0x00000007ab400000)
  from space 512K, 56% used [0x00000007ab700000,0x00000007ab748000,0x00000007ab780000)
  to   space 512K, 0% used [0x00000007ab680000,0x00000007ab680000,0x00000007ab700000)
 ParOldGen       total 68608K, used 60869K [0x0000000700000000, 0x0000000704300000, 0x00000007aab00000)
  object space 68608K, 88% used [0x0000000700000000,0x0000000703b71550,0x0000000704300000)
 Metaspace       used 63611K, committed 65088K, reserved 1114112K
  class space    used 8001K, committed 8640K, reserved 1048576K
}
Event: 18.929 GC heap before
{Heap before GC invocations=90 (full 3):
 PSYoungGen      total 9728K, used 9504K [0x00000007aab00000, 0x00000007ab780000, 0x0000000800000000)
  eden space 9216K, 100% used [0x00000007aab00000,0x00000007ab400000,0x00000007ab400000)
  from space 512K, 56% used [0x00000007ab700000,0x00000007ab748000,0x00000007ab780000)
  to   space 512K, 0% used [0x00000007ab680000,0x00000007ab680000,0x00000007ab700000)
 ParOldGen       total 68608K, used 60869K [0x0000000700000000, 0x0000000704300000, 0x00000007aab00000)
  object space 68608K, 88% used [0x0000000700000000,0x0000000703b71550,0x0000000704300000)
 Metaspace       used 64680K, committed 66176K, reserved 1114112K
  class space    used 8166K, committed 8832K, reserved 1048576K
}
Event: 18.930 GC heap after
{Heap after GC invocations=90 (full 3):
 PSYoungGen      total 9728K, used 288K [0x00000007aab00000, 0x00000007ab780000, 0x0000000800000000)
  eden space 9216K, 0% used [0x00000007aab00000,0x00000007aab00000,0x00000007ab400000)
  from space 512K, 56% used [0x00000007ab680000,0x00000007ab6c8010,0x00000007ab700000)
  to   space 512K, 0% used [0x00000007ab700000,0x00000007ab700000,0x00000007ab780000)
 ParOldGen       total 68608K, used 61109K [0x0000000700000000, 0x0000000704300000, 0x00000007aab00000)
  object space 68608K, 89% used [0x0000000700000000,0x0000000703bad550,0x0000000704300000)
 Metaspace       used 64680K, committed 66176K, reserved 1114112K
  class space    used 8166K, committed 8832K, reserved 1048576K
}
Event: 20.166 GC heap before
{Heap before GC invocations=91 (full 3):
 PSYoungGen      total 9728K, used 9504K [0x00000007aab00000, 0x00000007ab780000, 0x0000000800000000)
  eden space 9216K, 100% used [0x00000007aab00000,0x00000007ab400000,0x00000007ab400000)
  from space 512K, 56% used [0x00000007ab680000,0x00000007ab6c8010,0x00000007ab700000)
  to   space 512K, 0% used [0x00000007ab700000,0x00000007ab700000,0x00000007ab780000)
 ParOldGen       total 68608K, used 61109K [0x0000000700000000, 0x0000000704300000, 0x00000007aab00000)
  object space 68608K, 89% used [0x0000000700000000,0x0000000703bad550,0x0000000704300000)
 Metaspace       used 65256K, committed 66752K, reserved 1114112K
  class space    used 8240K, committed 8896K, reserved 1048576K
}
Event: 20.170 GC heap after
{Heap after GC invocations=91 (full 3):
 PSYoungGen      total 9728K, used 192K [0x00000007aab00000, 0x00000007ab780000, 0x0000000800000000)
  eden space 9216K, 0% used [0x00000007aab00000,0x00000007aab00000,0x00000007ab400000)
  from space 512K, 37% used [0x00000007ab700000,0x00000007ab730000,0x00000007ab780000)
  to   space 512K, 0% used [0x00000007ab680000,0x00000007ab680000,0x00000007ab700000)
 ParOldGen       total 68608K, used 61336K [0x0000000700000000, 0x0000000704300000, 0x00000007aab00000)
  object space 68608K, 89% used [0x0000000700000000,0x0000000703be60d0,0x0000000704300000)
 Metaspace       used 65256K, committed 66752K, reserved 1114112K
  class space    used 8240K, committed 8896K, reserved 1048576K
}
Event: 20.586 GC heap before
{Heap before GC invocations=92 (full 3):
 PSYoungGen      total 9728K, used 9407K [0x00000007aab00000, 0x00000007ab780000, 0x0000000800000000)
  eden space 9216K, 99% used [0x00000007aab00000,0x00000007ab3ffff8,0x00000007ab400000)
  from space 512K, 37% used [0x00000007ab700000,0x00000007ab730000,0x00000007ab780000)
  to   space 512K, 0% used [0x00000007ab680000,0x00000007ab680000,0x00000007ab700000)
 ParOldGen       total 68608K, used 61336K [0x0000000700000000, 0x0000000704300000, 0x00000007aab00000)
  object space 68608K, 89% used [0x0000000700000000,0x0000000703be60d0,0x0000000704300000)
 Metaspace       used 66119K, committed 67648K, reserved 1114112K
  class space    used 8330K, committed 8960K, reserved 1048576K
}
Event: 20.589 GC heap after
{Heap after GC invocations=92 (full 3):
 PSYoungGen      total 9728K, used 512K [0x00000007aab00000, 0x00000007ab900000, 0x0000000800000000)
  eden space 9216K, 0% used [0x00000007aab00000,0x00000007aab00000,0x00000007ab400000)
  from space 512K, 100% used [0x00000007ab680000,0x00000007ab700000,0x00000007ab700000)
  to   space 2048K, 0% used [0x00000007ab700000,0x00000007ab700000,0x00000007ab900000)
 ParOldGen       total 68608K, used 63003K [0x0000000700000000, 0x0000000704300000, 0x00000007aab00000)
  object space 68608K, 91% used [0x0000000700000000,0x0000000703d86d08,0x0000000704300000)
 Metaspace       used 66119K, committed 67648K, reserved 1114112K
  class space    used 8330K, committed 8960K, reserved 1048576K
}
Event: 21.250 GC heap before
{Heap before GC invocations=93 (full 3):
 PSYoungGen      total 9728K, used 9728K [0x00000007aab00000, 0x00000007ab900000, 0x0000000800000000)
  eden space 9216K, 100% used [0x00000007aab00000,0x00000007ab400000,0x00000007ab400000)
  from space 512K, 100% used [0x00000007ab680000,0x00000007ab700000,0x00000007ab700000)
  to   space 2048K, 0% used [0x00000007ab700000,0x00000007ab700000,0x00000007ab900000)
 ParOldGen       total 68608K, used 63003K [0x0000000700000000, 0x0000000704300000, 0x00000007aab00000)
  object space 68608K, 91% used [0x0000000700000000,0x0000000703d86d08,0x0000000704300000)
 Metaspace       used 67030K, committed 68480K, reserved 1114112K
  class space    used 8419K, committed 9024K, reserved 1048576K
}
Event: 21.257 GC heap after
{Heap after GC invocations=93 (full 3):
 PSYoungGen      total 10240K, used 1024K [0x00000007aab00000, 0x00000007ab800000, 0x0000000800000000)
  eden space 9216K, 0% used [0x00000007aab00000,0x00000007aab00000,0x00000007ab400000)
  from space 1024K, 100% used [0x00000007ab700000,0x00000007ab800000,0x00000007ab800000)
  to   space 1536K, 0% used [0x00000007ab500000,0x00000007ab500000,0x00000007ab680000)
 ParOldGen       total 68608K, used 63531K [0x0000000700000000, 0x0000000704300000, 0x00000007aab00000)
  object space 68608K, 92% used [0x0000000700000000,0x0000000703e0ad28,0x0000000704300000)
 Metaspace       used 67030K, committed 68480K, reserved 1114112K
  class space    used 8419K, committed 9024K, reserved 1048576K
}

