# JRE version: OpenJDK Runtime Environment Temurin-21.0.12.1+1 (21.0.12.1+1) (build 21.0.12.1+1-LTS)
# Java VM: OpenJDK 64-Bit Server VM Temurin-21.0.12.1+1 (21.0.12.1+1-LTS, mixed mode, sharing, tiered, compressed oops, compressed class ptrs, parallel gc, windows-amd64)
GC Precious Log:
 CardTable entry size: 512
 CPUs: 4 total, 4 available
 Memory: 7886M
 Large Page Support: Disabled
 NUMA Support: Disabled
 Compressed Oops: Enabled (Zero based)
 Alignments: Space 512K, Generation 512K, Heap 2M
 Heap Min Capacity: 100M
 Heap Initial Capacity: 100M
 Heap Max Capacity: 4G
 Pre-touch: Disabled
 Parallel Workers: 4
Heap:
 PSYoungGen      total 25088K, used 3608K [0x00000007aab00000, 0x00000007ac580000, 0x0000000800000000)
  eden space 22016K, 11% used [0x00000007aab00000,0x00000007aad66260,0x00000007ac080000)
  from space 3072K, 37% used [0x00000007ac080000,0x00000007ac19fda0,0x00000007ac380000)
  to   space 2048K, 0% used [0x00000007ac380000,0x00000007ac380000,0x00000007ac580000)
 ParOldGen       total 68608K, used 46044K [0x0000000700000000, 0x0000000704300000, 0x00000007aab00000)
  object space 68608K, 67% used [0x0000000700000000,0x0000000702cf72e0,0x0000000704300000)
 Metaspace       used 40141K, committed 41152K, reserved 1114112K
  class space    used 4063K, committed 4480K, reserved 1048576K
GC Heap History (20 events):
Event: 30.468 GC heap before
{Heap before GC invocations=16 (full 1):
 PSYoungGen      total 24576K, used 24561K [0x00000007aab00000, 0x00000007acc00000, 0x0000000800000000)
  eden space 22016K, 100% used [0x00000007aab00000,0x00000007ac080000,0x00000007ac080000)
  from space 2560K, 99% used [0x00000007ac980000,0x00000007acbfc420,0x00000007acc00000)
  to   space 3072K, 0% used [0x00000007ac600000,0x00000007ac600000,0x00000007ac900000)
 ParOldGen       total 68608K, used 32173K [0x0000000700000000, 0x0000000704300000, 0x00000007aab00000)
  object space 68608K, 46% used [0x0000000700000000,0x0000000701f6b568,0x0000000704300000)
 Metaspace       used 32865K, committed 33792K, reserved 1114112K
  class space    used 3302K, committed 3648K, reserved 1048576K
}
Event: 30.473 GC heap after
{Heap after GC invocations=16 (full 1):
 PSYoungGen      total 25088K, used 2594K [0x00000007aab00000, 0x00000007aca00000, 0x0000000800000000)
  eden space 22016K, 0% used [0x00000007aab00000,0x00000007aab00000,0x00000007ac080000)
  from space 3072K, 84% used [0x00000007ac600000,0x00000007ac888810,0x00000007ac900000)
  to   space 1024K, 0% used [0x00000007ac900000,0x00000007ac900000,0x00000007aca00000)
 ParOldGen       total 68608K, used 34488K [0x0000000700000000, 0x0000000704300000, 0x00000007aab00000)
  object space 68608K, 50% used [0x0000000700000000,0x00000007021ae260,0x0000000704300000)
 Metaspace       used 32865K, committed 33792K, reserved 1114112K
  class space    used 3302K, committed 3648K, reserved 1048576K
}
Event: 30.584 GC heap before
{Heap before GC invocations=17 (full 1):
 PSYoungGen      total 25088K, used 24610K [0x00000007aab00000, 0x00000007aca00000, 0x0000000800000000)
  eden space 22016K, 100% used [0x00000007aab00000,0x00000007ac080000,0x00000007ac080000)
  from space 3072K, 84% used [0x00000007ac600000,0x00000007ac888810,0x00000007ac900000)
  to   space 1024K, 0% used [0x00000007ac900000,0x00000007ac900000,0x00000007aca00000)
 ParOldGen       total 68608K, used 34488K [0x0000000700000000, 0x0000000704300000, 0x00000007aab00000)
  object space 68608K, 50% used [0x0000000700000000,0x00000007021ae260,0x0000000704300000)
 Metaspace       used 32868K, committed 33792K, reserved 1114112K
  class space    used 3302K, committed 3648K, reserved 1048576K
}
Event: 30.588 GC heap after
{Heap after GC invocations=17 (full 1):
 PSYoungGen      total 23040K, used 1024K [0x00000007aab00000, 0x00000007acb80000, 0x0000000800000000)
  eden space 22016K, 0% used [0x00000007aab00000,0x00000007aab00000,0x00000007ac080000)
  from space 1024K, 100% used [0x00000007ac900000,0x00000007aca00000,0x00000007aca00000)
  to   space 5632K, 0% used [0x00000007ac080000,0x00000007ac080000,0x00000007ac600000)
 ParOldGen       total 68608K, used 38239K [0x0000000700000000, 0x0000000704300000, 0x00000007aab00000)
  object space 68608K, 55% used [0x0000000700000000,0x0000000702557d20,0x0000000704300000)
 Metaspace       used 32868K, committed 33792K, reserved 1114112K
  class space    used 3302K, committed 3648K, reserved 1048576K
}
Event: 30.716 GC heap before
{Heap before GC invocations=18 (full 1):
 PSYoungGen      total 23040K, used 23040K [0x00000007aab00000, 0x00000007acb80000, 0x0000000800000000)
  eden space 22016K, 100% used [0x00000007aab00000,0x00000007ac080000,0x00000007ac080000)
  from space 1024K, 100% used [0x00000007ac900000,0x00000007aca00000,0x00000007aca00000)
  to   space 5632K, 0% used [0x00000007ac080000,0x00000007ac080000,0x00000007ac600000)
 ParOldGen       total 68608K, used 38239K [0x0000000700000000, 0x0000000704300000, 0x00000007aab00000)
  object space 68608K, 55% used [0x0000000700000000,0x0000000702557d20,0x0000000704300000)
 Metaspace       used 32904K, committed 33856K, reserved 1114112K
  class space    used 3303K, committed 3712K, reserved 1048576K
}
Event: 30.720 GC heap after
{Heap after GC invocations=18 (full 1):
 PSYoungGen      total 27648K, used 2432K [0x00000007aab00000, 0x00000007ac980000, 0x0000000800000000)
  eden space 22016K, 0% used [0x00000007aab00000,0x00000007aab00000,0x00000007ac080000)
  from space 5632K, 43% used [0x00000007ac080000,0x00000007ac2e0010,0x00000007ac600000)
  to   space 3584K, 0% used [0x00000007ac600000,0x00000007ac600000,0x00000007ac980000)
 ParOldGen       total 68608K, used 39271K [0x0000000700000000, 0x0000000704300000, 0x00000007aab00000)
  object space 68608K, 57% used [0x0000000700000000,0x0000000702659d20,0x0000000704300000)
 Metaspace       used 32904K, committed 33856K, reserved 1114112K
  class space    used 3303K, committed 3712K, reserved 1048576K
}
Event: 30.974 GC heap before
{Heap before GC invocations=19 (full 1):
 PSYoungGen      total 27648K, used 24448K [0x00000007aab00000, 0x00000007ac980000, 0x0000000800000000)
  eden space 22016K, 100% used [0x00000007aab00000,0x00000007ac080000,0x00000007ac080000)
  from space 5632K, 43% used [0x00000007ac080000,0x00000007ac2e0010,0x00000007ac600000)
  to   space 3584K, 0% used [0x00000007ac600000,0x00000007ac600000,0x00000007ac980000)
 ParOldGen       total 68608K, used 39271K [0x0000000700000000, 0x0000000704300000, 0x00000007aab00000)
  object space 68608K, 57% used [0x0000000700000000,0x0000000702659d20,0x0000000704300000)
 Metaspace       used 33900K, committed 34816K, reserved 1114112K
  class space    used 3442K, committed 3776K, reserved 1048576K
}
Event: 30.979 GC heap after
{Heap after GC invocations=19 (full 1):
 PSYoungGen      total 24064K, used 1812K [0x00000007aab00000, 0x00000007ac800000, 0x0000000800000000)
  eden space 22016K, 0% used [0x00000007aab00000,0x00000007aab00000,0x00000007ac080000)
  from space 2048K, 88% used [0x00000007ac600000,0x00000007ac7c5148,0x00000007ac800000)
  to   space 2560K, 0% used [0x00000007ac300000,0x00000007ac300000,0x00000007ac580000)
 ParOldGen       total 68608K, used 41679K [0x0000000700000000, 0x0000000704300000, 0x00000007aab00000)
  object space 68608K, 60% used [0x0000000700000000,0x00000007028b3d30,0x0000000704300000)
 Metaspace       used 33900K, committed 34816K, reserved 1114112K
  class space    used 3442K, committed 3776K, reserved 1048576K
}
Event: 31.406 GC heap before
{Heap before GC invocations=20 (full 1):
 PSYoungGen      total 24064K, used 16903K [0x00000007aab00000, 0x00000007ac800000, 0x0000000800000000)
  eden space 22016K, 68% used [0x00000007aab00000,0x00000007ab9bcae8,0x00000007ac080000)
  from space 2048K, 88% used [0x00000007ac600000,0x00000007ac7c5148,0x00000007ac800000)
  to   space 2560K, 0% used [0x00000007ac300000,0x00000007ac300000,0x00000007ac580000)
 ParOldGen       total 68608K, used 41679K [0x0000000700000000, 0x0000000704300000, 0x00000007aab00000)
  object space 68608K, 60% used [0x0000000700000000,0x00000007028b3d30,0x0000000704300000)
 Metaspace       used 34909K, committed 35840K, reserved 1114112K
  class space    used 3573K, committed 3968K, reserved 1048576K
}
Event: 31.409 GC heap after
{Heap after GC invocations=20 (full 1):
 PSYoungGen      total 24576K, used 440K [0x00000007aab00000, 0x00000007ac680000, 0x0000000800000000)
  eden space 22016K, 0% used [0x00000007aab00000,0x00000007aab00000,0x00000007ac080000)
  from space 2560K, 17% used [0x00000007ac300000,0x00000007ac36e2e8,0x00000007ac580000)
  to   space 1024K, 0% used [0x00000007ac580000,0x00000007ac580000,0x00000007ac680000)
 ParOldGen       total 68608K, used 43311K [0x0000000700000000, 0x0000000704300000, 0x00000007aab00000)
  object space 68608K, 63% used [0x0000000700000000,0x0000000702a4beb0,0x0000000704300000)
 Metaspace       used 34909K, committed 35840K, reserved 1114112K
  class space    used 3573K, committed 3968K, reserved 1048576K
}
Event: 31.409 GC heap before
{Heap before GC invocations=21 (full 2):
 PSYoungGen      total 24576K, used 440K [0x00000007aab00000, 0x00000007ac680000, 0x0000000800000000)
  eden space 22016K, 0% used [0x00000007aab00000,0x00000007aab00000,0x00000007ac080000)
  from space 2560K, 17% used [0x00000007ac300000,0x00000007ac36e2e8,0x00000007ac580000)
  to   space 1024K, 0% used [0x00000007ac580000,0x00000007ac580000,0x00000007ac680000)
 ParOldGen       total 68608K, used 43311K [0x0000000700000000, 0x0000000704300000, 0x00000007aab00000)
  object space 68608K, 63% used [0x0000000700000000,0x0000000702a4beb0,0x0000000704300000)
 Metaspace       used 34909K, committed 35840K, reserved 1114112K
  class space    used 3573K, committed 3968K, reserved 1048576K
}
Event: 31.486 GC heap after
{Heap after GC invocations=21 (full 2):
 PSYoungGen      total 24576K, used 0K [0x00000007aab00000, 0x00000007ac680000, 0x0000000800000000)
  eden space 22016K, 0% used [0x00000007aab00000,0x00000007aab00000,0x00000007ac080000)
  from space 2560K, 0% used [0x00000007ac300000,0x00000007ac300000,0x00000007ac580000)
  to   space 1024K, 0% used [0x00000007ac580000,0x00000007ac580000,0x00000007ac680000)
 ParOldGen       total 68608K, used 42392K [0x0000000700000000, 0x0000000704300000, 0x00000007aab00000)
  object space 68608K, 61% used [0x0000000700000000,0x0000000702966260,0x0000000704300000)
 Metaspace       used 34909K, committed 35840K, reserved 1114112K
  class space    used 3573K, committed 3968K, reserved 1048576K
}
Event: 32.121 GC heap before
{Heap before GC invocations=22 (full 2):
 PSYoungGen      total 24576K, used 22016K [0x00000007aab00000, 0x00000007ac680000, 0x0000000800000000)
  eden space 22016K, 100% used [0x00000007aab00000,0x00000007ac080000,0x00000007ac080000)
  from space 2560K, 0% used [0x00000007ac300000,0x00000007ac300000,0x00000007ac580000)
  to   space 1024K, 0% used [0x00000007ac580000,0x00000007ac580000,0x00000007ac680000)
 ParOldGen       total 68608K, used 42392K [0x0000000700000000, 0x0000000704300000, 0x00000007aab00000)
  object space 68608K, 61% used [0x0000000700000000,0x0000000702966260,0x0000000704300000)
 Metaspace       used 36515K, committed 37440K, reserved 1114112K
  class space    used 3717K, committed 4096K, reserved 1048576K
}
Event: 32.123 GC heap after
{Heap after GC invocations=22 (full 2):
 PSYoungGen      total 22528K, used 416K [0x00000007aab00000, 0x00000007ac600000, 0x0000000800000000)
  eden space 22016K, 0% used [0x00000007aab00000,0x00000007aab00000,0x00000007ac080000)
  from space 512K, 81% used [0x00000007ac580000,0x00000007ac5e8000,0x00000007ac600000)
  to   space 1024K, 0% used [0x00000007ac400000,0x00000007ac400000,0x00000007ac500000)
 ParOldGen       total 68608K, used 42400K [0x0000000700000000, 0x0000000704300000, 0x00000007aab00000)
  object space 68608K, 61% used [0x0000000700000000,0x0000000702968260,0x0000000704300000)
 Metaspace       used 36515K, committed 37440K, reserved 1114112K
  class space    used 3717K, committed 4096K, reserved 1048576K
}
Event: 40.605 GC heap before
{Heap before GC invocations=23 (full 2):
 PSYoungGen      total 22528K, used 22432K [0x00000007aab00000, 0x00000007ac600000, 0x0000000800000000)
  eden space 22016K, 100% used [0x00000007aab00000,0x00000007ac080000,0x00000007ac080000)
  from space 512K, 81% used [0x00000007ac580000,0x00000007ac5e8000,0x00000007ac600000)
  to   space 1024K, 0% used [0x00000007ac400000,0x00000007ac400000,0x00000007ac500000)
 ParOldGen       total 68608K, used 42400K [0x0000000700000000, 0x0000000704300000, 0x00000007aab00000)
  object space 68608K, 61% used [0x0000000700000000,0x0000000702968260,0x0000000704300000)
 Metaspace       used 39480K, committed 40448K, reserved 1114112K
  class space    used 4009K, committed 4416K, reserved 1048576K
}
Event: 40.608 GC heap after
{Heap after GC invocations=23 (full 2):
 PSYoungGen      total 23040K, used 1023K [0x00000007aab00000, 0x00000007ac600000, 0x0000000800000000)
  eden space 22016K, 0% used [0x00000007aab00000,0x00000007aab00000,0x00000007ac080000)
  from space 1024K, 99% used [0x00000007ac400000,0x00000007ac4ffee8,0x00000007ac500000)
  to   space 1024K, 0% used [0x00000007ac500000,0x00000007ac500000,0x00000007ac600000)
 ParOldGen       total 68608K, used 43226K [0x0000000700000000, 0x0000000704300000, 0x00000007aab00000)
  object space 68608K, 63% used [0x0000000700000000,0x0000000702a36990,0x0000000704300000)
 Metaspace       used 39480K, committed 40448K, reserved 1114112K
  class space    used 4009K, committed 4416K, reserved 1048576K
}
Event: 41.167 GC heap before
{Heap before GC invocations=24 (full 2):
 PSYoungGen      total 23040K, used 23039K [0x00000007aab00000, 0x00000007ac600000, 0x0000000800000000)
  eden space 22016K, 100% used [0x00000007aab00000,0x00000007ac080000,0x00000007ac080000)
  from space 1024K, 99% used [0x00000007ac400000,0x00000007ac4ffee8,0x00000007ac500000)
  to   space 1024K, 0% used [0x00000007ac500000,0x00000007ac500000,0x00000007ac600000)
 ParOldGen       total 68608K, used 43226K [0x0000000700000000, 0x0000000704300000, 0x00000007aab00000)
  object space 68608K, 63% used [0x0000000700000000,0x0000000702a36990,0x0000000704300000)
 Metaspace       used 40091K, committed 41088K, reserved 1114112K
  class space    used 4062K, committed 4480K, reserved 1048576K
}
Event: 41.170 GC heap after
{Heap after GC invocations=24 (full 2):
 PSYoungGen      total 23040K, used 1004K [0x00000007aab00000, 0x00000007ac680000, 0x0000000800000000)
  eden space 22016K, 0% used [0x00000007aab00000,0x00000007aab00000,0x00000007ac080000)
  from space 1024K, 98% used [0x00000007ac500000,0x00000007ac5fb0b0,0x00000007ac600000)
  to   space 3072K, 0% used [0x00000007ac080000,0x00000007ac080000,0x00000007ac380000)
 ParOldGen       total 68608K, used 45047K [0x0000000700000000, 0x0000000704300000, 0x00000007aab00000)
  object space 68608K, 65% used [0x0000000700000000,0x0000000702bfdf50,0x0000000704300000)
 Metaspace       used 40091K, committed 41088K, reserved 1114112K
  class space    used 4062K, committed 4480K, reserved 1048576K
}
Event: 41.841 GC heap before
{Heap before GC invocations=25 (full 2):
 PSYoungGen      total 23040K, used 22850K [0x00000007aab00000, 0x00000007ac680000, 0x0000000800000000)
  eden space 22016K, 99% used [0x00000007aab00000,0x00000007ac0557f0,0x00000007ac080000)
  from space 1024K, 98% used [0x00000007ac500000,0x00000007ac5fb0b0,0x00000007ac600000)
  to   space 3072K, 0% used [0x00000007ac080000,0x00000007ac080000,0x00000007ac380000)
 ParOldGen       total 68608K, used 45047K [0x0000000700000000, 0x0000000704300000, 0x00000007aab00000)
  object space 68608K, 65% used [0x0000000700000000,0x0000000702bfdf50,0x0000000704300000)
 Metaspace       used 40126K, committed 41088K, reserved 1114112K
  class space    used 4063K, committed 4480K, reserved 1048576K
}
Event: 41.843 GC heap after
{Heap after GC invocations=25 (full 2):
 PSYoungGen      total 25088K, used 1151K [0x00000007aab00000, 0x00000007ac580000, 0x0000000800000000)
  eden space 22016K, 0% used [0x00000007aab00000,0x00000007aab00000,0x00000007ac080000)
  from space 3072K, 37% used [0x00000007ac080000,0x00000007ac19fda0,0x00000007ac380000)
  to   space 2048K, 0% used [0x00000007ac380000,0x00000007ac380000,0x00000007ac580000)
 ParOldGen       total 68608K, used 46044K [0x0000000700000000, 0x0000000704300000, 0x00000007aab00000)
  object space 68608K, 67% used [0x0000000700000000,0x0000000702cf72e0,0x0000000704300000)
 Metaspace       used 40126K, committed 41088K, reserved 1114112K
  class space    used 4063K, committed 4480K, reserved 1048576K
}

