<?xml version="1.0" encoding="UTF-8"?>
<testsuite xmlns:xsi="http://www.w3.org/2001/XMLSchema-instance" xsi:noNamespaceSchemaLocation="https://maven.apache.org/surefire/maven-surefire-plugin/xsd/surefire-test-report-3.0.xsd" version="3.0" name="com.rslsolution.speakmateai.security.SecurityIntegrationTest" time="15.848" tests="4" errors="0" skipped="0" failures="3">
  <properties>
[...]
</properties>
  <testcase name="testTeacherStudentVisibilityBySchoolAndStandard" classname="com.rslsolution.speakmateai.security.SecurityIntegrationTest" time="1.124">
    <system-out><![CDATA[17:50:45.626 [main] INFO org.springframework.test.context.support.AnnotationConfigContextLoaderUtils -- Could not detect default configuration classes for test class [com.rslsolution.speakmateai.security.SecurityIntegrationTest]: SecurityIntegrationTest does not declare any static, non-private, non-final, nested classes annotated with @Configuration.
17:50:45.759 [main] INFO org.springframework.boot.test.context.SpringBootTestContextBootstrapper -- Found @SpringBootConfiguration com.rslsolution.speakmateai.SpeakMateAiApplication for test class com.rslsolution.speakmateai.security.SecurityIntegrationTest
17:50:45.920 [main] INFO org.springframework.boot.devtools.restart.RestartApplicationListener -- Restart disabled due to context in which it is running

  .   ____          _            __ _ _
 /\\ / ___'_ __ _ _(_)_ __  __ _ \ \ \ \
( ( )\___ | '_ | '_| | '_ \/ _` | \ \ \ \
 \\/  ___)| |_)| | | | | || (_| |  ) ) ) )
  '  |____| .__|_| |_|_| |_\__, | / / / /
 =========|_|==============|___/=/_/_/_/

 :: Spring Boot ::                (v3.3.5)

2026-09-15T17:50:46.163+05:30  INFO 35196 --- [SpeakMateAI] [           main] c.r.s.security.SecurityIntegrationTest   : Starting SecurityIntegrationTest using Java 21.0.10 with PID 35196 (started by hp in D:\SpeakMate-AI_AC\SpeakMate_AI\Admin_Backend)
2026-09-15T17:50:46.164+05:30  INFO 35196 --- [SpeakMateAI] [           main] c.r.s.security.SecurityIntegrationTest   : No active profile set, falling back to 1 default profile: "default"
2026-09-15T17:50:47.900+05:30  INFO 35196 --- [SpeakMateAI] [           main] .s.d.r.c.RepositoryConfigurationDelegate : Bootstrapping Spring Data JPA repositories in DEFAULT mode.
2026-09-15T17:50:48.217+05:30  INFO 35196 --- [SpeakMateAI] [           main] .s.d.r.c.RepositoryConfigurationDelegate : Finished Spring Data repository scanning in 302 ms. Found 35 JPA repository interfaces.
2026-09-15T17:50:49.231+05:30  INFO 35196 --- [SpeakMateAI] [           main] o.hibernate.jpa.internal.util.LogHelper  : HHH000204: Processing PersistenceUnitInfo [name: default]
2026-09-15T17:50:49.345+05:30  INFO 35196 --- [SpeakMateAI] [           main] org.hibernate.Version                    : HHH000412: Hibernate ORM core version 6.5.3.Final
2026-09-15T17:50:49.392+05:30  INFO 35196 --- [SpeakMateAI] [           main] o.h.c.internal.RegionFactoryInitiator    : HHH000026: Second-level cache disabled
2026-09-15T17:50:49.505+05:30  INFO 35196 --- [SpeakMateAI] [           main] o.s.o.j.p.SpringPersistenceUnitInfo      : No LoadTimeWeaver setup: ignoring JPA class transformer
2026-09-15T17:50:49.537+05:30  INFO 35196 --- [SpeakMateAI] [           main] com.zaxxer.hikari.HikariDataSource       : HikariPool-1 - Starting...
2026-09-15T17:50:51.314+05:30  INFO 35196 --- [SpeakMateAI] [           main] com.zaxxer.hikari.pool.HikariPool        : HikariPool-1 - Added connection org.postgresql.jdbc.PgConnection@790f4933
2026-09-15T17:50:51.316+05:30  INFO 35196 --- [SpeakMateAI] [           main] com.zaxxer.hikari.HikariDataSource       : HikariPool-1 - Start completed.
2026-09-15T17:50:51.415+05:30  WARN 35196 --- [SpeakMateAI] [           main] org.hibernate.orm.deprecation            : HHH90000025: PostgreSQLDialect does not need to be specified explicitly using 'hibernate.dialect' (remove the property setting and it will be selected by default)
2026-09-15T17:50:53.545+05:30  INFO 35196 --- [SpeakMateAI] [           main] o.h.e.t.j.p.i.JtaPlatformInitiator       : HHH000489: No JTA platform available (set 'hibernate.transaction.jta.platform' to enable JTA platform integration)
2026-09-15T17:50:53.548+05:30  INFO 35196 --- [SpeakMateAI] [           main] j.LocalContainerEntityManagerFactoryBean : Initialized JPA EntityManagerFactory for persistence unit 'default'
2026-09-15T17:50:54.147+05:30  INFO 35196 --- [SpeakMateAI] [           main] o.s.d.j.r.query.QueryEnhancerFactory     : Hibernate is in classpath; If applicable, HQL parser will be used.
2026-09-15T17:50:56.682+05:30  INFO 35196 --- [SpeakMateAI] [           main] c.r.s.s.e.EmailProviderValidationConfig  : Email provider successfully configured: brevo
2026-09-15T17:50:56.734+05:30  INFO 35196 --- [SpeakMateAI] [           main] r$InitializeUserDetailsManagerConfigurer : Global AuthenticationManager configured with UserDetailsService bean with name customUserDetailsService
2026-09-15T17:50:57.647+05:30  INFO 35196 --- [SpeakMateAI] [           main] c.r.s.security.SecurityIntegrationTest   : Started SecurityIntegrationTest in 11.737 seconds (process running for 14.936)
--- RUNNING DATABASE FIXER ---
Created standard_divisions table.
Created teacher_standard_divisions table.
Ensured bio and location columns exist in teachers table.
Hibernate: 
    select
        count(*) 
    from
        lessons l1_0
--- TESTING SELECT STUDENT_ID ---
--- CHECKING DATABASE SCHEMAS ---
Schemas with progress table: [{table_schema=public, column_name=id, data_type=bigint}, {table_schema=public, column_name=created_at, data_type=timestamp without time zone}, {table_schema=public, column_name=current_streak, data_type=integer}, {table_schema=public, column_name=level, data_type=integer}, {table_schema=public, column_name=longest_streak, data_type=integer}, {table_schema=public, column_name=total_grammar_checks, data_type=integer}, {table_schema=public, column_name=total_practice_minutes, data_type=integer}, {table_schema=public, column_name=total_speaking_sessions, data_type=integer}, {table_schema=public, column_name=total_vocabulary_words, data_type=integer}, {table_schema=public, column_name=updated_at, data_type=timestamp without time zone}, {table_schema=public, column_name=xp, data_type=integer}, {table_schema=public, column_name=user_id, data_type=bigint}]
Hibernate: 
    select
        a1_0.id,
        a1_0.created_at,
        a1_0.department,
        a1_0.designation,
        a1_0.email,
        a1_0.email_notifications,
        a1_0.full_name,
        a1_0.language,
        a1_0.last_login,
        a1_0.location,
        a1_0.notifications_enabled,
        a1_0.password,
        a1_0.phone,
        a1_0.profile_image,
        a1_0.reset_otp,
        a1_0.reset_otp_expiry,
        a1_0.reset_password_token,
        a1_0.reset_password_token_expiry,
        a1_0.role,
        a1_0.session_timeout,
        a1_0.sidebar_collapsed,
        a1_0.status,
        a1_0.system_notifications,
        a1_0.theme,
        a1_0.two_factor_enabled,
        a1_0.updated_at 
    from
        admins a1_0 
    where
        a1_0.email=?
[Admin Data Seeder] Super Admin account already exists. Skipping seeding.
--- CHECKING DATABASE PROGRESS TABLE ---
Columns in progress: [{column_name=id, data_type=bigint}, {column_name=created_at, data_type=timestamp without time zone}, {column_name=current_streak, data_type=integer}, {column_name=level, data_type=integer}, {column_name=longest_streak, data_type=integer}, {column_name=total_grammar_checks, data_type=integer}, {column_name=total_practice_minutes, data_type=integer}, {column_name=total_speaking_sessions, data_type=integer}, {column_name=total_vocabulary_words, data_type=integer}, {column_name=updated_at, data_type=timestamp without time zone}, {column_name=xp, data_type=integer}, {column_name=user_id, data_type=bigint}]
student_id is missing! Adding it now...
Added student_id to progress table.
--- TESTING FULL HIBERNATE PROGRESS QUERY ---
FULL QUERY SUCCEEDED!
--- TESTING SELECT p1_0.student_id ---
Success! Rows: [{student_id=null}]
--- CHECKING ALL SCHEMAS FOR PROGRESS TABLE ---
Schemas: [{table_schema=public, column_name=id}, {table_schema=public, column_name=created_at}, {table_schema=public, column_name=current_streak}, {table_schema=public, column_name=level}, {table_schema=public, column_name=longest_streak}, {table_schema=public, column_name=total_grammar_checks}, {table_schema=public, column_name=total_practice_minutes}, {table_schema=public, column_name=total_speaking_sessions}, {table_schema=public, column_name=total_vocabulary_words}, {table_schema=public, column_name=updated_at}, {table_schema=public, column_name=xp}, {table_schema=public, column_name=user_id}, {table_schema=public, column_name=student_id}]
Hibernate: 
    select
        count(*) 
    from
        lessons l1_0
Hibernate: 
    select
        u1_0.id,
        case 
            when u1_1.user_id is not null 
                then 1 
            when u1_2.id is not null 
                then 2 
            when u1_3.id is not null 
                then 3 
            when u1_0.id is not null 
                then 0 
        end,
        u1_0.active,
        u1_0.age_group,
        u1_0.auth_provider,
        u1_0.avatar,
        u1_0.created_at,
        u1_0.daily_goal_minutes,
        u1_0.division,
        u1_0.email,
        u1_0.email_verification_token,
        u1_0.email_verified,
        u1_0.english_level,
        u1_0.expo_push_token,
        u1_0.first_name,
        u1_0.interests,
        u1_0.last_name,
        u1_0.learning_goal,
        u1_0.native_language,
        u1_0.onboarding_completed,
        u1_0.parent_name,
        u1_0.parent_phone,
        u1_0.password,
        u1_0.phone,
        u1_0.preferred_accent,
        u1_0.preferred_voice,
        u1_0.reset_otp,
        u1_0.reset_otp_expiry,
        u1_0.reset_password_token,
        u1_0.reset_password_token_expiry,
        u1_0.role,
        u1_0.roll_number,
        u1_0.school_id,
        u1_0.school_name,
        u1_0.standard,
        u1_0.status,
        u1_0.updated_at,
        u1_0.user_type,
        u1_0.welcome_completed,
        u1_2.student_id,
        u1_2.teacher_id,
        u1_3.bio,
        u1_3.department,
        u1_3.designation,
        u1_3.employee_id,
        u1_3.experience,
        u1_3.joined_at,
        u1_3.location,
        u1_3.qualification 
    from
        users u1_0 
    left join
        school_admins u1_1 
            on u1_0.id=u1_1.user_id 
    left join
        students u1_2 
            on u1_0.id=u1_2.id 
    left join
        teachers u1_3 
            on u1_0.id=u1_3.id 
    where
        u1_0.email=?
Hibernate: 
    select
        cr1_0.id,
        cr1_0.academic_year,
        cr1_0.created_at,
        cr1_0.division,
        cr1_0.grade,
        cr1_0.name,
        cr1_0.school_id,
        cr1_0.status,
        cr1_0.teacher_id,
        cr1_0.updated_at 
    from
        class_rooms cr1_0 
    where
        cr1_0.teacher_id=?
Hibernate: 
    select
        tsd1_0.id,
        tsd1_0.created_at,
        tsd1_0.standard_division_id,
        sd1_0.id,
        sd1_0.created_at,
        sd1_0.division,
        sd1_0.school_standard_id,
        ss1_0.id,
        ss1_0.created_at,
        ss1_0.school_id,
        s1_0.id,
        s1_0.active,
        s1_0.address,
        s1_0.contact_phone,
        s1_0.created_at,
        s1_0.name,
        s1_0.school_code,
        s1_0.school_name,
        s1_0.updated_at,
        ss1_0.standard,
        ss1_0.updated_at,
        tsd1_0.teacher_id 
    from
        teacher_standard_divisions tsd1_0 
    left join
        standard_divisions sd1_0 
            on sd1_0.id=tsd1_0.standard_division_id 
    left join
        school_standards ss1_0 
            on ss1_0.id=sd1_0.school_standard_id 
    left join
        schools s1_0 
            on s1_0.id=ss1_0.school_id 
    where
        tsd1_0.teacher_id=?
Hibernate: 
    select
        u1_0.id,
        case 
            when u1_1.user_id is not null 
                then 1 
            when u1_2.id is not null 
                then 2 
            when u1_3.id is not null 
                then 3 
            when u1_0.id is not null 
                then 0 
        end,
        u1_0.active,
        u1_0.age_group,
        u1_0.auth_provider,
        u1_0.avatar,
        u1_0.created_at,
        u1_0.daily_goal_minutes,
        u1_0.division,
        u1_0.email,
        u1_0.email_verification_token,
        u1_0.email_verified,
        u1_0.english_level,
        u1_0.expo_push_token,
        u1_0.first_name,
        u1_0.interests,
        u1_0.last_name,
        u1_0.learning_goal,
        u1_0.native_language,
        u1_0.onboarding_completed,
        u1_0.parent_name,
        u1_0.parent_phone,
        u1_0.password,
        u1_0.phone,
        u1_0.preferred_accent,
        u1_0.preferred_voice,
        u1_0.reset_otp,
        u1_0.reset_otp_expiry,
        u1_0.reset_password_token,
        u1_0.reset_password_token_expiry,
        u1_0.role,
        u1_0.roll_number,
        u1_0.school_id,
        u1_0.school_name,
        u1_0.standard,
        u1_0.status,
        u1_0.updated_at,
        u1_0.user_type,
        u1_0.welcome_completed,
        u1_2.student_id,
        u1_2.teacher_id,
        u1_3.bio,
        u1_3.department,
        u1_3.designation,
        u1_3.employee_id,
        u1_3.experience,
        u1_3.joined_at,
        u1_3.location,
        u1_3.qualification 
    from
        users u1_0 
    left join
        school_admins u1_1 
            on u1_0.id=u1_1.user_id 
    left join
        students u1_2 
            on u1_0.id=u1_2.id 
    left join
        teachers u1_3 
            on u1_0.id=u1_3.id 
    where
        u1_0.email=?
Hibernate: 
    select
        s1_0.id,
        s1_1.active,
        s1_1.age_group,
        s1_1.auth_provider,
        s1_1.avatar,
        s1_1.created_at,
        s1_1.daily_goal_minutes,
        s1_1.division,
        s1_1.email,
        s1_1.email_verification_token,
        s1_1.email_verified,
        s1_1.english_level,
        s1_1.expo_push_token,
        s1_1.first_name,
        s1_1.interests,
        s1_1.last_name,
        s1_1.learning_goal,
        s1_1.native_language,
        s1_1.onboarding_completed,
        s1_1.parent_name,
        s1_1.parent_phone,
        s1_1.password,
        s1_1.phone,
        s1_1.preferred_accent,
        s1_1.preferred_voice,
        s1_1.reset_otp,
        s1_1.reset_otp_expiry,
        s1_1.reset_password_token,
        s1_1.reset_password_token_expiry,
        s1_1.role,
        s1_1.roll_number,
        s1_1.school_id,
        s1_1.school_name,
        s1_1.standard,
        s1_1.status,
        s1_1.updated_at,
        s1_1.user_type,
        s1_1.welcome_completed,
        s1_0.student_id,
        s1_0.teacher_id 
    from
        students s1_0 
    join
        users s1_1 
            on s1_0.id=s1_1.id 
    where
        s1_0.teacher_id=?
Hibernate: 
    select
        tsd1_0.id,
        tsd1_0.created_at,
        tsd1_0.standard_division_id,
        sd1_0.id,
        sd1_0.created_at,
        sd1_0.division,
        sd1_0.school_standard_id,
        ss1_0.id,
        ss1_0.created_at,
        ss1_0.school_id,
        s1_0.id,
        s1_0.active,
        s1_0.address,
        s1_0.contact_phone,
        s1_0.created_at,
        s1_0.name,
        s1_0.school_code,
        s1_0.school_name,
        s1_0.updated_at,
        ss1_0.standard,
        ss1_0.updated_at,
        tsd1_0.teacher_id 
    from
        teacher_standard_divisions tsd1_0 
    left join
        standard_divisions sd1_0 
            on sd1_0.id=tsd1_0.standard_division_id 
    left join
        school_standards ss1_0 
            on ss1_0.id=sd1_0.school_standard_id 
    left join
        schools s1_0 
            on s1_0.id=ss1_0.school_id 
    where
        tsd1_0.teacher_id=?
Hibernate: 
    select
        tsd1_0.id,
        tsd1_0.created_at,
        tsd1_0.standard_division_id,
        sd1_0.id,
        sd1_0.created_at,
        sd1_0.division,
        sd1_0.school_standard_id,
        ss1_0.id,
        ss1_0.created_at,
        ss1_0.school_id,
        s1_0.id,
        s1_0.active,
        s1_0.address,
        s1_0.contact_phone,
        s1_0.created_at,
        s1_0.name,
        s1_0.school_code,
        s1_0.school_name,
        s1_0.updated_at,
        ss1_0.standard,
        ss1_0.updated_at,
        tsd1_0.teacher_id 
    from
        teacher_standard_divisions tsd1_0 
    left join
        standard_divisions sd1_0 
            on sd1_0.id=tsd1_0.standard_division_id 
    left join
        school_standards ss1_0 
            on ss1_0.id=sd1_0.school_standard_id 
    left join
        schools s1_0 
            on s1_0.id=ss1_0.school_id 
    where
        tsd1_0.teacher_id=?
]]></system-out>
    <system-err><![CDATA[org.springframework.jdbc.BadSqlGrammarException: StatementCallback; bad SQL grammar [SELECT student_id FROM progress LIMIT 1]
	at org.springframework.jdbc.support.SQLStateSQLExceptionTranslator.doTranslate(SQLStateSQLExceptionTranslator.java:112)
	at org.springframework.jdbc.support.AbstractFallbackSQLExceptionTranslator.translate(AbstractFallbackSQLExceptionTranslator.java:107)
	at org.springframework.jdbc.support.AbstractFallbackSQLExceptionTranslator.translate(AbstractFallbackSQLExceptionTranslator.java:116)
	at org.springframework.jdbc.core.JdbcTemplate.translateException(JdbcTemplate.java:1548)
	at org.springframework.jdbc.core.JdbcTemplate.execute(JdbcTemplate.java:408)
	at org.springframework.jdbc.core.JdbcTemplate.query(JdbcTemplate.java:476)
	at org.springframework.jdbc.core.JdbcTemplate.query(JdbcTemplate.java:486)
	at org.springframework.jdbc.core.JdbcTemplate.queryForList(JdbcTemplate.java:536)
	at com.rslsolution.speakmateai.CheckDB3.run(CheckDB3.java:18)
	at org.springframework.boot.SpringApplication.lambda$callRunner$5(SpringApplication.java:790)
	at org.springframework.util.function.ThrowingConsumer$1.acceptWithException(ThrowingConsumer.java:83)
	at org.springframework.util.function.ThrowingConsumer.accept(ThrowingConsumer.java:60)
	at org.springframework.util.function.ThrowingConsumer$1.accept(ThrowingConsumer.java:88)
	at org.springframework.boot.SpringApplication.callRunner(SpringApplication.java:798)
	at org.springframework.boot.SpringApplication.callRunner(SpringApplication.java:789)
	at org.springframework.boot.SpringApplication.lambda$callRunners$3(SpringApplication.java:774)
	at java.base/java.util.stream.ForEachOps$ForEachOp$OfRef.accept(ForEachOps.java:184)
	at java.base/java.util.stream.SortedOps$SizedRefSortingSink.end(SortedOps.java:357)
	at java.base/java.util.stream.AbstractPipeline.copyInto(AbstractPipeline.java:510)
	at java.base/java.util.stream.AbstractPipeline.wrapAndCopyInto(AbstractPipeline.java:499)
	at java.base/java.util.stream.ForEachOps$ForEachOp.evaluateSequential(ForEachOps.java:151)
	at java.base/java.util.stream.ForEachOps$ForEachOp$OfRef.evaluateSequential(ForEachOps.java:174)
	at java.base/java.util.stream.AbstractPipeline.evaluate(AbstractPipeline.java:234)
	at java.base/java.util.stream.ReferencePipeline.forEach(ReferencePipeline.java:596)
	at org.springframework.boot.SpringApplication.callRunners(SpringApplication.java:774)
	at org.springframework.boot.SpringApplication.run(SpringApplication.java:342)
	at org.springframework.boot.test.context.SpringBootContextLoader.lambda$loadContext$3(SpringBootContextLoader.java:137)
	at org.springframework.util.function.ThrowingSupplier.get(ThrowingSupplier.java:58)
	at org.springframework.util.function.ThrowingSupplier.get(ThrowingSupplier.java:46)
	at org.springframework.boot.SpringApplication.withHook(SpringApplication.java:1463)
	at org.springframework.boot.test.context.SpringBootContextLoader$ContextLoaderHook.run(SpringBootContextLoader.java:553)
	at org.springframework.boot.test.context.SpringBootContextLoader.loadContext(SpringBootContextLoader.java:137)
	at org.springframework.boot.test.context.SpringBootContextLoader.loadContext(SpringBootContextLoader.java:108)
	at org.springframework.test.context.cache.DefaultCacheAwareContextLoaderDelegate.loadContextInternal(DefaultCacheAwareContextLoaderDelegate.java:225)
	at org.springframework.test.context.cache.DefaultCacheAwareContextLoaderDelegate.loadContext(DefaultCacheAwareContextLoaderDelegate.java:152)
	at org.springframework.test.context.support.DefaultTestContext.getApplicationContext(DefaultTestContext.java:130)
	at org.springframework.test.context.web.ServletTestExecutionListener.setUpRequestContextIfNecessary(ServletTestExecutionListener.java:191)
	at org.springframework.test.context.web.ServletTestExecutionListener.prepareTestInstance(ServletTestExecutionListener.java:130)
	at org.springframework.test.context.TestContextManager.prepareTestInstance(TestContextManager.java:260)
	at org.springframework.test.context.junit.jupiter.SpringExtension.postProcessTestInstance(SpringExtension.java:163)
	at org.junit.jupiter.engine.descriptor.ClassBasedTestDescriptor.lambda$invokeTestInstancePostProcessors$10(ClassBasedTestDescriptor.java:378)
	at org.junit.jupiter.engine.descriptor.ClassBasedTestDescriptor.executeAndMaskThrowable(ClassBasedTestDescriptor.java:383)
	at org.junit.jupiter.engine.descriptor.ClassBasedTestDescriptor.lambda$invokeTestInstancePostProcessors$11(ClassBasedTestDescriptor.java:378)
	at java.base/java.util.stream.ReferencePipeline$3$1.accept(ReferencePipeline.java:197)
	at java.base/java.util.stream.ReferencePipeline$2$1.accept(ReferencePipeline.java:179)
	at java.base/java.util.ArrayList$ArrayListSpliterator.forEachRemaining(ArrayList.java:1708)
	at java.base/java.util.stream.AbstractPipeline.copyInto(AbstractPipeline.java:509)
	at java.base/java.util.stream.AbstractPipeline.wrapAndCopyInto(AbstractPipeline.java:499)
	at java.base/java.util.stream.StreamSpliterators$WrappingSpliterator.forEachRemaining(StreamSpliterators.java:310)
	at java.base/java.util.stream.Streams$ConcatSpliterator.forEachRemaining(Streams.java:735)
	at java.base/java.util.stream.Streams$ConcatSpliterator.forEachRemaining(Streams.java:734)
	at java.base/java.util.stream.ReferencePipeline$Head.forEach(ReferencePipeline.java:762)
	at org.junit.jupiter.engine.descriptor.ClassBasedTestDescriptor.invokeTestInstancePostProcessors(ClassBasedTestDescriptor.java:377)
	at org.junit.jupiter.engine.descriptor.ClassBasedTestDescriptor.lambda$instantiateAndPostProcessTestInstance$6(ClassBasedTestDescriptor.java:290)
	at org.junit.platform.engine.support.hierarchical.ThrowableCollector.execute(ThrowableCollector.java:73)
	at org.junit.jupiter.engine.descriptor.ClassBasedTestDescriptor.instantiateAndPostProcessTestInstance(ClassBasedTestDescriptor.java:289)
	at org.junit.jupiter.engine.descriptor.ClassBasedTestDescriptor.lambda$testInstancesProvider$4(ClassBasedTestDescriptor.java:279)
	at java.base/java.util.Optional.orElseGet(Optional.java:364)
	at org.junit.jupiter.engine.descriptor.ClassBasedTestDescriptor.lambda$testInstancesProvider$5(ClassBasedTestDescriptor.java:278)
	at org.junit.jupiter.engine.execution.TestInstancesProvider.getTestInstances(TestInstancesProvider.java:31)
	at org.junit.jupiter.engine.descriptor.TestMethodTestDescriptor.lambda$prepare$0(TestMethodTestDescriptor.java:106)
	at org.junit.platform.engine.support.hierarchical.ThrowableCollector.execute(ThrowableCollector.java:73)
	at org.junit.jupiter.engine.descriptor.TestMethodTestDescriptor.prepare(TestMethodTestDescriptor.java:105)
	at org.junit.jupiter.engine.descriptor.TestMethodTestDescriptor.prepare(TestMethodTestDescriptor.java:69)
	at org.junit.platform.engine.support.hierarchical.NodeTestTask.lambda$prepare$2(NodeTestTask.java:128)
	at org.junit.platform.engine.support.hierarchical.ThrowableCollector.execute(ThrowableCollector.java:73)
	at org.junit.platform.engine.support.hierarchical.NodeTestTask.prepare(NodeTestTask.java:128)
	at org.junit.platform.engine.support.hierarchical.NodeTestTask.execute(NodeTestTask.java:95)
	at java.base/java.util.ArrayList.forEach(ArrayList.java:1596)
	at org.junit.platform.engine.support.hierarchical.SameThreadHierarchicalTestExecutorService.invokeAll(SameThreadHierarchicalTestExecutorService.java:41)
	at org.junit.platform.engine.support.hierarchical.NodeTestTask.lambda$executeRecursively$6(NodeTestTask.java:160)
	at org.junit.platform.engine.support.hierarchical.ThrowableCollector.execute(ThrowableCollector.java:73)
	at org.junit.platform.engine.support.hierarchical.NodeTestTask.lambda$executeRecursively$8(NodeTestTask.java:146)
	at org.junit.platform.engine.support.hierarchical.Node.around(Node.java:137)
	at org.junit.platform.engine.support.hierarchical.NodeTestTask.lambda$executeRecursively$9(NodeTestTask.java:144)
	at org.junit.platform.engine.support.hierarchical.ThrowableCollector.execute(ThrowableCollector.java:73)
	at org.junit.platform.engine.support.hierarchical.NodeTestTask.executeRecursively(NodeTestTask.java:143)
	at org.junit.platform.engine.support.hierarchical.NodeTestTask.execute(NodeTestTask.java:100)
	at java.base/java.util.ArrayList.forEach(ArrayList.java:1596)
	at org.junit.platform.engine.support.hierarchical.SameThreadHierarchicalTestExecutorService.invokeAll(SameThreadHierarchicalTestExecutorService.java:41)
	at org.junit.platform.engine.support.hierarchical.NodeTestTask.lambda$executeRecursively$6(NodeTestTask.java:160)
	at org.junit.platform.engine.support.hierarchical.ThrowableCollector.execute(ThrowableCollector.java:73)
	at org.junit.platform.engine.support.hierarchical.NodeTestTask.lambda$executeRecursively$8(NodeTestTask.java:146)
	at org.junit.platform.engine.support.hierarchical.Node.around(Node.java:137)
	at org.junit.platform.engine.support.hierarchical.NodeTestTask.lambda$executeRecursively$9(NodeTestTask.java:144)
	at org.junit.platform.engine.support.hierarchical.ThrowableCollector.execute(ThrowableCollector.java:73)
	at org.junit.platform.engine.support.hierarchical.NodeTestTask.executeRecursively(NodeTestTask.java:143)
	at org.junit.platform.engine.support.hierarchical.NodeTestTask.execute(NodeTestTask.java:100)
	at org.junit.platform.engine.support.hierarchical.SameThreadHierarchicalTestExecutorService.submit(SameThreadHierarchicalTestExecutorService.java:35)
	at org.junit.platform.engine.support.hierarchical.HierarchicalTestExecutor.execute(HierarchicalTestExecutor.java:57)
	at org.junit.platform.engine.support.hierarchical.HierarchicalTestEngine.execute(HierarchicalTestEngine.java:54)
	at org.junit.platform.launcher.core.EngineExecutionOrchestrator.execute(EngineExecutionOrchestrator.java:198)
	at org.junit.platform.launcher.core.EngineExecutionOrchestrator.execute(EngineExecutionOrchestrator.java:169)
	at org.junit.platform.launcher.core.EngineExecutionOrchestrator.execute(EngineExecutionOrchestrator.java:93)
	at org.junit.platform.launcher.core.EngineExecutionOrchestrator.lambda$execute$0(EngineExecutionOrchestrator.java:58)
	at org.junit.platform.launcher.core.EngineExecutionOrchestrator.withInterceptedStreams(EngineExecutionOrchestrator.java:141)
	at org.junit.platform.launcher.core.EngineExecutionOrchestrator.execute(EngineExecutionOrchestrator.java:57)
	at org.junit.platform.launcher.core.DefaultLauncher.execute(DefaultLauncher.java:103)
	at org.junit.platform.launcher.core.DefaultLauncher.execute(DefaultLauncher.java:85)
	at org.junit.platform.launcher.core.DelegatingLauncher.execute(DelegatingLauncher.java:47)
	at org.apache.maven.surefire.junitplatform.LazyLauncher.execute(LazyLauncher.java:56)
	at org.apache.maven.surefire.junitplatform.JUnitPlatformProvider.execute(JUnitPlatformProvider.java:184)
	at org.apache.maven.surefire.junitplatform.JUnitPlatformProvider.invokeAllTests(JUnitPlatformProvider.java:148)
	at org.apache.maven.surefire.junitplatform.JUnitPlatformProvider.invoke(JUnitPlatformProvider.java:122)
	at org.apache.maven.surefire.booter.ForkedBooter.runSuitesInProcess(ForkedBooter.java:385)
	at org.apache.maven.surefire.booter.ForkedBooter.execute(ForkedBooter.java:162)
	at org.apache.maven.surefire.booter.ForkedBooter.run(ForkedBooter.java:507)
	at org.apache.maven.surefire.booter.ForkedBooter.main(ForkedBooter.java:495)
Caused by: org.postgresql.util.PSQLException: ERROR: column "student_id" does not exist
  Position: 8
	at org.postgresql.core.v3.QueryExecutorImpl.receiveErrorResponse(QueryExecutorImpl.java:2733)
	at org.postgresql.core.v3.QueryExecutorImpl.processResults(QueryExecutorImpl.java:2420)
	at org.postgresql.core.v3.QueryExecutorImpl.execute(QueryExecutorImpl.java:372)
	at org.postgresql.jdbc.PgStatement.executeInternal(PgStatement.java:517)
	at org.postgresql.jdbc.PgStatement.execute(PgStatement.java:434)
	at org.postgresql.jdbc.PgStatement.executeWithFlags(PgStatement.java:356)
	at org.postgresql.jdbc.PgStatement.executeCachedSql(PgStatement.java:341)
	at org.postgresql.jdbc.PgStatement.executeWithFlags(PgStatement.java:317)
	at org.postgresql.jdbc.PgStatement.executeQuery(PgStatement.java:266)
	at com.zaxxer.hikari.pool.ProxyStatement.executeQuery(ProxyStatement.java:110)
	at com.zaxxer.hikari.pool.HikariProxyStatement.executeQuery(HikariProxyStatement.java)
	at org.springframework.jdbc.core.JdbcTemplate$1QueryStatementCallback.doInStatement(JdbcTemplate.java:463)
	at org.springframework.jdbc.core.JdbcTemplate.execute(JdbcTemplate.java:393)
	... 103 more
]]></system-err>
  </testcase>
  <testcase name="testUnauthenticatedStudentsAccessFailsClosed" classname="com.rslsolution.speakmateai.security.SecurityIntegrationTest" time="0.014">
    <failure message="Unauthenticated requests to getStudents must throw AccessDeniedException ==&gt; Unexpected exception type thrown, expected: &lt;org.springframework.security.access.AccessDeniedException&gt; but was: &lt;com.rslsolution.speakmateai.exception.UserNotFoundException&gt;" type="org.opentest4j.AssertionFailedError"><![CDATA[org.opentest4j.AssertionFailedError: Unauthenticated requests to getStudents must throw AccessDeniedException ==> Unexpected exception type thrown, expected: <org.springframework.security.access.AccessDeniedException> but was: <com.rslsolution.speakmateai.exception.UserNotFoundException>
	at org.junit.jupiter.api.AssertionFailureBuilder.build(AssertionFailureBuilder.java:151)
	at org.junit.jupiter.api.AssertThrows.assertThrows(AssertThrows.java:67)
	at org.junit.jupiter.api.AssertThrows.assertThrows(AssertThrows.java:39)
	at org.junit.jupiter.api.Assertions.assertThrows(Assertions.java:3131)
	at com.rslsolution.speakmateai.security.SecurityIntegrationTest.testUnauthenticatedStudentsAccessFailsClosed(SecurityIntegrationTest.java:37)
	at java.base/java.lang.reflect.Method.invoke(Method.java:580)
	at java.base/java.util.ArrayList.forEach(ArrayList.java:1596)
	at java.base/java.util.ArrayList.forEach(ArrayList.java:1596)
Caused by: com.rslsolution.speakmateai.exception.UserNotFoundException: Authentication required
	at com.rslsolution.speakmateai.service.impl.TeacherServiceImpl.getCurrentTeacher(TeacherServiceImpl.java:187)
	at com.rslsolution.speakmateai.service.impl.TeacherServiceImpl.getStudents(TeacherServiceImpl.java:783)
	at com.rslsolution.speakmateai.service.impl.TeacherServiceImpl.getStudents(TeacherServiceImpl.java:773)
	at java.base/jdk.internal.reflect.DirectMethodHandleAccessor.invoke(DirectMethodHandleAccessor.java:103)
	at java.base/java.lang.reflect.Method.invoke(Method.java:580)
	at org.springframework.aop.support.AopUtils.invokeJoinpointUsingReflection(AopUtils.java:355)
	at org.springframework.aop.framework.ReflectiveMethodInvocation.invokeJoinpoint(ReflectiveMethodInvocation.java:196)
	at org.springframework.aop.framework.ReflectiveMethodInvocation.proceed(ReflectiveMethodInvocation.java:163)
	at org.springframework.aop.framework.CglibAopProxy$CglibMethodInvocation.proceed(CglibAopProxy.java:768)
	at org.springframework.transaction.interceptor.TransactionAspectSupport.invokeWithinTransaction(TransactionAspectSupport.java:379)
	at org.springframework.transaction.interceptor.TransactionInterceptor.invoke(TransactionInterceptor.java:119)
	at org.springframework.aop.framework.ReflectiveMethodInvocation.proceed(ReflectiveMethodInvocation.java:184)
	at org.springframework.aop.framework.CglibAopProxy$CglibMethodInvocation.proceed(CglibAopProxy.java:768)
	at org.springframework.aop.framework.CglibAopProxy$DynamicAdvisedInterceptor.intercept(CglibAopProxy.java:720)
	at com.rslsolution.speakmateai.service.impl.TeacherServiceImpl$$SpringCGLIB$$0.getStudents(<generated>)
	at com.rslsolution.speakmateai.security.SecurityIntegrationTest.lambda$testUnauthenticatedStudentsAccessFailsClosed$1(SecurityIntegrationTest.java:38)
	at org.junit.jupiter.api.AssertThrows.assertThrows(AssertThrows.java:53)
	... 6 more
]]></failure>
  </testcase>
  <testcase name="testUnauthenticatedProfileAccessFailsClosed" classname="com.rslsolution.speakmateai.security.SecurityIntegrationTest" time="0.006">
    <failure message="Unauthenticated requests to getProfile must throw AccessDeniedException ==&gt; Unexpected exception type thrown, expected: &lt;org.springframework.security.access.AccessDeniedException&gt; but was: &lt;com.rslsolution.speakmateai.exception.UserNotFoundException&gt;" type="org.opentest4j.AssertionFailedError"><![CDATA[org.opentest4j.AssertionFailedError: Unauthenticated requests to getProfile must throw AccessDeniedException ==> Unexpected exception type thrown, expected: <org.springframework.security.access.AccessDeniedException> but was: <com.rslsolution.speakmateai.exception.UserNotFoundException>
	at org.junit.jupiter.api.AssertionFailureBuilder.build(AssertionFailureBuilder.java:151)
	at org.junit.jupiter.api.AssertThrows.assertThrows(AssertThrows.java:67)
	at org.junit.jupiter.api.AssertThrows.assertThrows(AssertThrows.java:39)
	at org.junit.jupiter.api.Assertions.assertThrows(Assertions.java:3131)
	at com.rslsolution.speakmateai.security.SecurityIntegrationTest.testUnauthenticatedProfileAccessFailsClosed(SecurityIntegrationTest.java:46)
	at java.base/java.lang.reflect.Method.invoke(Method.java:580)
	at java.base/java.util.ArrayList.forEach(ArrayList.java:1596)
	at java.base/java.util.ArrayList.forEach(ArrayList.java:1596)
Caused by: com.rslsolution.speakmateai.exception.UserNotFoundException: Authentication required
	at com.rslsolution.speakmateai.service.impl.TeacherServiceImpl.getAuthenticatedTeacher(TeacherServiceImpl.java:146)
	at com.rslsolution.speakmateai.service.impl.TeacherServiceImpl.getProfile(TeacherServiceImpl.java:1506)
	at java.base/jdk.internal.reflect.DirectMethodHandleAccessor.invoke(DirectMethodHandleAccessor.java:103)
	at java.base/java.lang.reflect.Method.invoke(Method.java:580)
	at org.springframework.aop.support.AopUtils.invokeJoinpointUsingReflection(AopUtils.java:355)
	at org.springframework.aop.framework.ReflectiveMethodInvocation.invokeJoinpoint(ReflectiveMethodInvocation.java:196)
	at org.springframework.aop.framework.ReflectiveMethodInvocation.proceed(ReflectiveMethodInvocation.java:163)
	at org.springframework.aop.framework.CglibAopProxy$CglibMethodInvocation.proceed(CglibAopProxy.java:768)
	at org.springframework.transaction.interceptor.TransactionAspectSupport.invokeWithinTransaction(TransactionAspectSupport.java:379)
	at org.springframework.transaction.interceptor.TransactionInterceptor.invoke(TransactionInterceptor.java:119)
	at org.springframework.aop.framework.ReflectiveMethodInvocation.proceed(ReflectiveMethodInvocation.java:184)
	at org.springframework.aop.framework.CglibAopProxy$CglibMethodInvocation.proceed(CglibAopProxy.java:768)
	at org.springframework.aop.framework.CglibAopProxy$DynamicAdvisedInterceptor.intercept(CglibAopProxy.java:720)
	at com.rslsolution.speakmateai.service.impl.TeacherServiceImpl$$SpringCGLIB$$0.getProfile(<generated>)
	at com.rslsolution.speakmateai.security.SecurityIntegrationTest.lambda$testUnauthenticatedProfileAccessFailsClosed$2(SecurityIntegrationTest.java:47)
	at org.junit.jupiter.api.AssertThrows.assertThrows(AssertThrows.java:53)
	... 6 more
]]></failure>
  </testcase>
  <testcase name="testUnauthenticatedTeacherAccessFailsClosed" classname="com.rslsolution.speakmateai.security.SecurityIntegrationTest" time="0.006">
    <failure message="Unauthenticated requests to getTeacherDashboard must throw AccessDeniedException ==&gt; Unexpected exception type thrown, expected: &lt;org.springframework.security.access.AccessDeniedException&gt; but was: &lt;com.rslsolution.speakmateai.exception.UserNotFoundException&gt;" type="org.opentest4j.AssertionFailedError"><![CDATA[org.opentest4j.AssertionFailedError: Unauthenticated requests to getTeacherDashboard must throw AccessDeniedException ==> Unexpected exception type thrown, expected: <org.springframework.security.access.AccessDeniedException> but was: <com.rslsolution.speakmateai.exception.UserNotFoundException>
	at org.junit.jupiter.api.AssertionFailureBuilder.build(AssertionFailureBuilder.java:151)
	at org.junit.jupiter.api.AssertThrows.assertThrows(AssertThrows.java:67)
	at org.junit.jupiter.api.AssertThrows.assertThrows(AssertThrows.java:39)
	at org.junit.jupiter.api.Assertions.assertThrows(Assertions.java:3131)
	at com.rslsolution.speakmateai.security.SecurityIntegrationTest.testUnauthenticatedTeacherAccessFailsClosed(SecurityIntegrationTest.java:28)
	at java.base/java.lang.reflect.Method.invoke(Method.java:580)
	at java.base/java.util.ArrayList.forEach(ArrayList.java:1596)
	at java.base/java.util.ArrayList.forEach(ArrayList.java:1596)
Caused by: com.rslsolution.speakmateai.exception.UserNotFoundException: Authentication required
	at com.rslsolution.speakmateai.service.impl.TeacherServiceImpl.getCurrentTeacher(TeacherServiceImpl.java:187)
	at com.rslsolution.speakmateai.service.impl.TeacherServiceImpl.getTeacherDashboard(TeacherServiceImpl.java:613)
	at java.base/jdk.internal.reflect.DirectMethodHandleAccessor.invoke(DirectMethodHandleAccessor.java:103)
	at java.base/java.lang.reflect.Method.invoke(Method.java:580)
	at org.springframework.aop.support.AopUtils.invokeJoinpointUsingReflection(AopUtils.java:355)
	at org.springframework.aop.framework.ReflectiveMethodInvocation.invokeJoinpoint(ReflectiveMethodInvocation.java:196)
	at org.springframework.aop.framework.ReflectiveMethodInvocation.proceed(ReflectiveMethodInvocation.java:163)
	at org.springframework.aop.framework.CglibAopProxy$CglibMethodInvocation.proceed(CglibAopProxy.java:768)
	at org.springframework.transaction.interceptor.TransactionAspectSupport.invokeWithinTransaction(TransactionAspectSupport.java:379)
	at org.springframework.transaction.interceptor.TransactionInterceptor.invoke(TransactionInterceptor.java:119)
	at org.springframework.aop.framework.ReflectiveMethodInvocation.proceed(ReflectiveMethodInvocation.java:184)
	at org.springframework.aop.framework.CglibAopProxy$CglibMethodInvocation.proceed(CglibAopProxy.java:768)
	at org.springframework.aop.framework.CglibAopProxy$DynamicAdvisedInterceptor.intercept(CglibAopProxy.java:720)
	at com.rslsolution.speakmateai.service.impl.TeacherServiceImpl$$SpringCGLIB$$0.getTeacherDashboard(<generated>)
	at com.rslsolution.speakmateai.security.SecurityIntegrationTest.lambda$testUnauthenticatedTeacherAccessFailsClosed$0(SecurityIntegrationTest.java:29)
	at org.junit.jupiter.api.AssertThrows.assertThrows(AssertThrows.java:53)
	... 6 more
]]></failure>
  </testcase>
</testsuite>